make  check-recursive
Making check in tests
Making check in .
make  libtests.la t-bswap t-constants t-count_zeros t-gmpmax t-hightomask t-modlinv t-popc t-parity t-sub
/bin/sh ../libtool --tag=CC   --mode=compile gcc -std=gnu99 -DHAVE_CONFIG_H -I. -I.. -I..    -O2 -pedantic -m64 -mtune=core2 -march=core2 -c -o memory.lo memory.c
libtool: compile:  gcc -std=gnu99 -DHAVE_CONFIG_H -I. -I.. -I.. -O2 -pedantic -m64 -mtune=core2 -march=core2 -c memory.c  -fno-common -DPIC -o .libs/memory.o
libtool: compile:  gcc -std=gnu99 -DHAVE_CONFIG_H -I. -I.. -I.. -O2 -pedantic -m64 -mtune=core2 -march=core2 -c memory.c -o memory.o >/dev/null 2>&1
/bin/sh ../libtool --tag=CC   --mode=compile gcc -std=gnu99 -DHAVE_CONFIG_H -I. -I.. -I..    -O2 -pedantic -m64 -mtune=core2 -march=core2 -c -o misc.lo misc.c
libtool: compile:  gcc -std=gnu99 -DHAVE_CONFIG_H -I. -I.. -I.. -O2 -pedantic -m64 -mtune=core2 -march=core2 -c misc.c  -fno-common -DPIC -o .libs/misc.o
libtool: compile:  gcc -std=gnu99 -DHAVE_CONFIG_H -I. -I.. -I.. -O2 -pedantic -m64 -mtune=core2 -march=core2 -c misc.c -o misc.o >/dev/null 2>&1
/bin/sh ../libtool --tag=CC   --mode=compile gcc -std=gnu99 -DHAVE_CONFIG_H -I. -I.. -I..    -O2 -pedantic -m64 -mtune=core2 -march=core2 -c -o refmpf.lo refmpf.c
libtool: compile:  gcc -std=gnu99 -DHAVE_CONFIG_H -I. -I.. -I.. -O2 -pedantic -m64 -mtune=core2 -march=core2 -c refmpf.c  -fno-common -DPIC -o .libs/refmpf.o
libtool: compile:  gcc -std=gnu99 -DHAVE_CONFIG_H -I. -I.. -I.. -O2 -pedantic -m64 -mtune=core2 -march=core2 -c refmpf.c -o refmpf.o >/dev/null 2>&1
/bin/sh ../libtool --tag=CC   --mode=compile gcc -std=gnu99 -DHAVE_CONFIG_H -I. -I.. -I..    -O2 -pedantic -m64 -mtune=core2 -march=core2 -c -o refmpn.lo refmpn.c
libtool: compile:  gcc -std=gnu99 -DHAVE_CONFIG_H -I. -I.. -I.. -O2 -pedantic -m64 -mtune=core2 -march=core2 -c refmpn.c  -fno-common -DPIC -o .libs/refmpn.o
libtool: compile:  gcc -std=gnu99 -DHAVE_CONFIG_H -I. -I.. -I.. -O2 -pedantic -m64 -mtune=core2 -march=core2 -c refmpn.c -o refmpn.o >/dev/null 2>&1
/bin/sh ../libtool --tag=CC   --mode=compile gcc -std=gnu99 -DHAVE_CONFIG_H -I. -I.. -I..    -O2 -pedantic -m64 -mtune=core2 -march=core2 -c -o refmpq.lo refmpq.c
libtool: compile:  gcc -std=gnu99 -DHAVE_CONFIG_H -I. -I.. -I.. -O2 -pedantic -m64 -mtune=core2 -march=core2 -c refmpq.c  -fno-common -DPIC -o .libs/refmpq.o
libtool: compile:  gcc -std=gnu99 -DHAVE_CONFIG_H -I. -I.. -I.. -O2 -pedantic -m64 -mtune=core2 -march=core2 -c refmpq.c -o refmpq.o >/dev/null 2>&1
/bin/sh ../libtool --tag=CC   --mode=compile gcc -std=gnu99 -DHAVE_CONFIG_H -I. -I.. -I..    -O2 -pedantic -m64 -mtune=core2 -march=core2 -c -o refmpz.lo refmpz.c
libtool: compile:  gcc -std=gnu99 -DHAVE_CONFIG_H -I. -I.. -I.. -O2 -pedantic -m64 -mtune=core2 -march=core2 -c refmpz.c  -fno-common -DPIC -o .libs/refmpz.o
libtool: compile:  gcc -std=gnu99 -DHAVE_CONFIG_H -I. -I.. -I.. -O2 -pedantic -m64 -mtune=core2 -march=core2 -c refmpz.c -o refmpz.o >/dev/null 2>&1
/bin/sh ../libtool --tag=CC   --mode=compile gcc -std=gnu99 -DHAVE_CONFIG_H -I. -I.. -I..    -O2 -pedantic -m64 -mtune=core2 -march=core2 -c -o spinner.lo spinner.c
libtool: compile:  gcc -std=gnu99 -DHAVE_CONFIG_H -I. -I.. -I.. -O2 -pedantic -m64 -mtune=core2 -march=core2 -c spinner.c  -fno-common -DPIC -o .libs/spinner.o
libtool: compile:  gcc -std=gnu99 -DHAVE_CONFIG_H -I. -I.. -I.. -O2 -pedantic -m64 -mtune=core2 -march=core2 -c spinner.c -o spinner.o >/dev/null 2>&1
/bin/sh ../libtool --tag=CC   --mode=compile gcc -std=gnu99 -DHAVE_CONFIG_H -I. -I.. -I..    -O2 -pedantic -m64 -mtune=core2 -march=core2 -c -o trace.lo trace.c
libtool: compile:  gcc -std=gnu99 -DHAVE_CONFIG_H -I. -I.. -I.. -O2 -pedantic -m64 -mtune=core2 -march=core2 -c trace.c  -fno-common -DPIC -o .libs/trace.o
libtool: compile:  gcc -std=gnu99 -DHAVE_CONFIG_H -I. -I.. -I.. -O2 -pedantic -m64 -mtune=core2 -march=core2 -c trace.c -o trace.o >/dev/null 2>&1
/bin/sh ../libtool --mode=compile --tag=CC ../mpn/m4-ccas --m4="m4" gcc -std=gnu99 -c -DHAVE_CONFIG_H -I. -I.. -I..    -O2 -pedantic -m64 -mtune=core2 -march=core2  `test -f 'amd64call.asm' || echo './'`amd64call.asm
libtool: compile:  ../mpn/m4-ccas --m4=m4 gcc -std=gnu99 -c -DHAVE_CONFIG_H -I. -I.. -I.. -O2 -pedantic -m64 -mtune=core2 -march=core2 amd64call.asm  -fno-common -DPIC -o .libs/amd64call.o
m4  -DHAVE_CONFIG_H -DPIC amd64call.asm >tmp-amd64call.s
 gcc -std=gnu99 -c -DHAVE_CONFIG_H -I. -I.. -I.. -O2 -pedantic -m64 -mtune=core2 -march=core2 tmp-amd64call.s -fno-common -DPIC -o .libs/amd64call.o
libtool: compile:  ../mpn/m4-ccas --m4=m4 gcc -std=gnu99 -c -DHAVE_CONFIG_H -I. -I.. -I.. -O2 -pedantic -m64 -mtune=core2 -march=core2 amd64call.asm -o amd64call.o >/dev/null 2>&1
/bin/sh ../libtool --tag=CC   --mode=compile gcc -std=gnu99 -DHAVE_CONFIG_H -I. -I.. -I..    -O2 -pedantic -m64 -mtune=core2 -march=core2 -c -o amd64check.lo amd64check.c
libtool: compile:  gcc -std=gnu99 -DHAVE_CONFIG_H -I. -I.. -I.. -O2 -pedantic -m64 -mtune=core2 -march=core2 -c amd64check.c  -fno-common -DPIC -o .libs/amd64check.o
libtool: compile:  gcc -std=gnu99 -DHAVE_CONFIG_H -I. -I.. -I.. -O2 -pedantic -m64 -mtune=core2 -march=core2 -c amd64check.c -o amd64check.o >/dev/null 2>&1
/bin/sh ../libtool --tag=CC   --mode=link gcc -std=gnu99  -O2 -pedantic -m64 -mtune=core2 -march=core2   -o libtests.la  memory.lo misc.lo refmpf.lo refmpn.lo refmpq.lo refmpz.lo spinner.lo trace.lo amd64call.lo amd64check.lo ../libgmp.la 
libtool: link: ar cq .libs/libtests.a .libs/memory.o .libs/misc.o .libs/refmpf.o .libs/refmpn.o .libs/refmpq.o .libs/refmpz.o .libs/spinner.o .libs/trace.o .libs/amd64call.o .libs/amd64check.o 
libtool: link: ranlib .libs/libtests.a
libtool: link: ( cd ".libs" && rm -f "libtests.la" && ln -s "../libtests.la" "libtests.la" )
gcc -std=gnu99 -DHAVE_CONFIG_H -I. -I.. -I..    -O2 -pedantic -m64 -mtune=core2 -march=core2 -c t-bswap.c
/bin/sh ../libtool --tag=CC   --mode=link gcc -std=gnu99  -O2 -pedantic -m64 -mtune=core2 -march=core2   -o t-bswap t-bswap.o libtests.la ../libgmp.la 
libtool: link: gcc -std=gnu99 -O2 -pedantic -m64 -mtune=core2 -march=core2 -o .libs/t-bswap t-bswap.o  ./.libs/libtests.a /Users/fe/Projects/osx/gmp-5.0.1/.libs/libgmp.dylib ../.libs/libgmp.dylib
gcc -std=gnu99 -DHAVE_CONFIG_H -I. -I.. -I..    -O2 -pedantic -m64 -mtune=core2 -march=core2 -c t-constants.c
/bin/sh ../libtool --tag=CC   --mode=link gcc -std=gnu99  -O2 -pedantic -m64 -mtune=core2 -march=core2   -o t-constants t-constants.o libtests.la ../libgmp.la 
libtool: link: gcc -std=gnu99 -O2 -pedantic -m64 -mtune=core2 -march=core2 -o .libs/t-constants t-constants.o  ./.libs/libtests.a /Users/fe/Projects/osx/gmp-5.0.1/.libs/libgmp.dylib ../.libs/libgmp.dylib
gcc -std=gnu99 -DHAVE_CONFIG_H -I. -I.. -I..    -O2 -pedantic -m64 -mtune=core2 -march=core2 -c t-count_zeros.c
/bin/sh ../libtool --tag=CC   --mode=link gcc -std=gnu99  -O2 -pedantic -m64 -mtune=core2 -march=core2   -o t-count_zeros t-count_zeros.o libtests.la ../libgmp.la 
libtool: link: gcc -std=gnu99 -O2 -pedantic -m64 -mtune=core2 -march=core2 -o .libs/t-count_zeros t-count_zeros.o  ./.libs/libtests.a /Users/fe/Projects/osx/gmp-5.0.1/.libs/libgmp.dylib ../.libs/libgmp.dylib
gcc -std=gnu99 -DHAVE_CONFIG_H -I. -I.. -I..    -O2 -pedantic -m64 -mtune=core2 -march=core2 -c t-gmpmax.c
/bin/sh ../libtool --tag=CC   --mode=link gcc -std=gnu99  -O2 -pedantic -m64 -mtune=core2 -march=core2   -o t-gmpmax t-gmpmax.o libtests.la ../libgmp.la 
libtool: link: gcc -std=gnu99 -O2 -pedantic -m64 -mtune=core2 -march=core2 -o .libs/t-gmpmax t-gmpmax.o  ./.libs/libtests.a /Users/fe/Projects/osx/gmp-5.0.1/.libs/libgmp.dylib ../.libs/libgmp.dylib
gcc -std=gnu99 -DHAVE_CONFIG_H -I. -I.. -I..    -O2 -pedantic -m64 -mtune=core2 -march=core2 -c t-hightomask.c
/bin/sh ../libtool --tag=CC   --mode=link gcc -std=gnu99  -O2 -pedantic -m64 -mtune=core2 -march=core2   -o t-hightomask t-hightomask.o libtests.la ../libgmp.la 
libtool: link: gcc -std=gnu99 -O2 -pedantic -m64 -mtune=core2 -march=core2 -o .libs/t-hightomask t-hightomask.o  ./.libs/libtests.a /Users/fe/Projects/osx/gmp-5.0.1/.libs/libgmp.dylib ../.libs/libgmp.dylib
gcc -std=gnu99 -DHAVE_CONFIG_H -I. -I.. -I..    -O2 -pedantic -m64 -mtune=core2 -march=core2 -c t-modlinv.c
/bin/sh ../libtool --tag=CC   --mode=link gcc -std=gnu99  -O2 -pedantic -m64 -mtune=core2 -march=core2   -o t-modlinv t-modlinv.o libtests.la ../libgmp.la 
libtool: link: gcc -std=gnu99 -O2 -pedantic -m64 -mtune=core2 -march=core2 -o .libs/t-modlinv t-modlinv.o  ./.libs/libtests.a /Users/fe/Projects/osx/gmp-5.0.1/.libs/libgmp.dylib ../.libs/libgmp.dylib
gcc -std=gnu99 -DHAVE_CONFIG_H -I. -I.. -I..    -O2 -pedantic -m64 -mtune=core2 -march=core2 -c t-popc.c
/bin/sh ../libtool --tag=CC   --mode=link gcc -std=gnu99  -O2 -pedantic -m64 -mtune=core2 -march=core2   -o t-popc t-popc.o libtests.la ../libgmp.la 
libtool: link: gcc -std=gnu99 -O2 -pedantic -m64 -mtune=core2 -march=core2 -o .libs/t-popc t-popc.o  ./.libs/libtests.a /Users/fe/Projects/osx/gmp-5.0.1/.libs/libgmp.dylib ../.libs/libgmp.dylib
gcc -std=gnu99 -DHAVE_CONFIG_H -I. -I.. -I..    -O2 -pedantic -m64 -mtune=core2 -march=core2 -c t-parity.c
/bin/sh ../libtool --tag=CC   --mode=link gcc -std=gnu99  -O2 -pedantic -m64 -mtune=core2 -march=core2   -o t-parity t-parity.o libtests.la ../libgmp.la 
libtool: link: gcc -std=gnu99 -O2 -pedantic -m64 -mtune=core2 -march=core2 -o .libs/t-parity t-parity.o  ./.libs/libtests.a /Users/fe/Projects/osx/gmp-5.0.1/.libs/libgmp.dylib ../.libs/libgmp.dylib
gcc -std=gnu99 -DHAVE_CONFIG_H -I. -I.. -I..    -O2 -pedantic -m64 -mtune=core2 -march=core2 -c t-sub.c
/bin/sh ../libtool --tag=CC   --mode=link gcc -std=gnu99  -O2 -pedantic -m64 -mtune=core2 -march=core2   -o t-sub t-sub.o libtests.la ../libgmp.la 
libtool: link: gcc -std=gnu99 -O2 -pedantic -m64 -mtune=core2 -march=core2 -o .libs/t-sub t-sub.o  ./.libs/libtests.a /Users/fe/Projects/osx/gmp-5.0.1/.libs/libgmp.dylib ../.libs/libgmp.dylib
make  check-TESTS
PASS: t-bswap
PASS: t-constants
PASS: t-count_zeros
PASS: t-gmpmax
PASS: t-hightomask
PASS: t-modlinv
PASS: t-popc
PASS: t-parity
PASS: t-sub
==================
All 9 tests passed
==================
Making check in devel
make[3]: Nothing to be done for `check'.
Making check in mpn
make  t-asmtype t-aors_1 t-divrem_1 t-fat t-get_d t-instrument t-iord_u t-mp_bases t-perfsqr t-scan t-toom22 t-toom32 t-toom33 t-toom42 t-toom43 t-toom44 t-toom52 t-toom53 t-toom62 t-toom63 t-toom6h t-toom8h t-hgcd t-matrix22 t-mullo t-mulmod_bnm1 t-sqrmod_bnm1 t-invert t-div t-bdiv
gcc -std=gnu99 -DHAVE_CONFIG_H -I. -I../.. -I../.. -I../../tests    -O2 -pedantic -m64 -mtune=core2 -march=core2 -c t-asmtype.c
/bin/sh ../../libtool --tag=CC   --mode=link gcc -std=gnu99  -O2 -pedantic -m64 -mtune=core2 -march=core2   -o t-asmtype t-asmtype.o ../../tests/libtests.la ../../libgmp.la 
libtool: link: gcc -std=gnu99 -O2 -pedantic -m64 -mtune=core2 -march=core2 -o .libs/t-asmtype t-asmtype.o  ../../tests/.libs/libtests.a /Users/fe/Projects/osx/gmp-5.0.1/.libs/libgmp.dylib ../../.libs/libgmp.dylib
gcc -std=gnu99 -DHAVE_CONFIG_H -I. -I../.. -I../.. -I../../tests    -O2 -pedantic -m64 -mtune=core2 -march=core2 -c t-aors_1.c
/bin/sh ../../libtool --tag=CC   --mode=link gcc -std=gnu99  -O2 -pedantic -m64 -mtune=core2 -march=core2   -o t-aors_1 t-aors_1.o ../../tests/libtests.la ../../libgmp.la 
libtool: link: gcc -std=gnu99 -O2 -pedantic -m64 -mtune=core2 -march=core2 -o .libs/t-aors_1 t-aors_1.o  ../../tests/.libs/libtests.a /Users/fe/Projects/osx/gmp-5.0.1/.libs/libgmp.dylib ../../.libs/libgmp.dylib
gcc -std=gnu99 -DHAVE_CONFIG_H -I. -I../.. -I../.. -I../../tests    -O2 -pedantic -m64 -mtune=core2 -march=core2 -c t-divrem_1.c
/bin/sh ../../libtool --tag=CC   --mode=link gcc -std=gnu99  -O2 -pedantic -m64 -mtune=core2 -march=core2   -o t-divrem_1 t-divrem_1.o ../../tests/libtests.la ../../libgmp.la 
libtool: link: gcc -std=gnu99 -O2 -pedantic -m64 -mtune=core2 -march=core2 -o .libs/t-divrem_1 t-divrem_1.o  ../../tests/.libs/libtests.a /Users/fe/Projects/osx/gmp-5.0.1/.libs/libgmp.dylib ../../.libs/libgmp.dylib
gcc -std=gnu99 -DHAVE_CONFIG_H -I. -I../.. -I../.. -I../../tests    -O2 -pedantic -m64 -mtune=core2 -march=core2 -c t-fat.c
/bin/sh ../../libtool --tag=CC   --mode=link gcc -std=gnu99  -O2 -pedantic -m64 -mtune=core2 -march=core2   -o t-fat t-fat.o ../../tests/libtests.la ../../libgmp.la 
libtool: link: gcc -std=gnu99 -O2 -pedantic -m64 -mtune=core2 -march=core2 -o .libs/t-fat t-fat.o  ../../tests/.libs/libtests.a /Users/fe/Projects/osx/gmp-5.0.1/.libs/libgmp.dylib ../../.libs/libgmp.dylib
gcc -std=gnu99 -DHAVE_CONFIG_H -I. -I../.. -I../.. -I../../tests    -O2 -pedantic -m64 -mtune=core2 -march=core2 -c t-get_d.c
/bin/sh ../../libtool --tag=CC   --mode=link gcc -std=gnu99  -O2 -pedantic -m64 -mtune=core2 -march=core2   -o t-get_d t-get_d.o ../../tests/libtests.la ../../libgmp.la 
libtool: link: gcc -std=gnu99 -O2 -pedantic -m64 -mtune=core2 -march=core2 -o .libs/t-get_d t-get_d.o  ../../tests/.libs/libtests.a /Users/fe/Projects/osx/gmp-5.0.1/.libs/libgmp.dylib ../../.libs/libgmp.dylib
gcc -std=gnu99 -DHAVE_CONFIG_H -I. -I../.. -I../.. -I../../tests    -O2 -pedantic -m64 -mtune=core2 -march=core2 -c t-instrument.c
/bin/sh ../../libtool --tag=CC   --mode=link gcc -std=gnu99  -O2 -pedantic -m64 -mtune=core2 -march=core2   -o t-instrument t-instrument.o ../../tests/libtests.la ../../libgmp.la 
libtool: link: gcc -std=gnu99 -O2 -pedantic -m64 -mtune=core2 -march=core2 -o .libs/t-instrument t-instrument.o  ../../tests/.libs/libtests.a /Users/fe/Projects/osx/gmp-5.0.1/.libs/libgmp.dylib ../../.libs/libgmp.dylib
gcc -std=gnu99 -DHAVE_CONFIG_H -I. -I../.. -I../.. -I../../tests    -O2 -pedantic -m64 -mtune=core2 -march=core2 -c t-iord_u.c
/bin/sh ../../libtool --tag=CC   --mode=link gcc -std=gnu99  -O2 -pedantic -m64 -mtune=core2 -march=core2   -o t-iord_u t-iord_u.o ../../tests/libtests.la ../../libgmp.la 
libtool: link: gcc -std=gnu99 -O2 -pedantic -m64 -mtune=core2 -march=core2 -o .libs/t-iord_u t-iord_u.o  ../../tests/.libs/libtests.a /Users/fe/Projects/osx/gmp-5.0.1/.libs/libgmp.dylib ../../.libs/libgmp.dylib
gcc -std=gnu99 -DHAVE_CONFIG_H -I. -I../.. -I../.. -I../../tests    -O2 -pedantic -m64 -mtune=core2 -march=core2 -c t-mp_bases.c
/bin/sh ../../libtool --tag=CC   --mode=link gcc -std=gnu99  -O2 -pedantic -m64 -mtune=core2 -march=core2   -o t-mp_bases t-mp_bases.o ../../tests/libtests.la ../../libgmp.la 
libtool: link: gcc -std=gnu99 -O2 -pedantic -m64 -mtune=core2 -march=core2 -o .libs/t-mp_bases t-mp_bases.o  ../../tests/.libs/libtests.a /Users/fe/Projects/osx/gmp-5.0.1/.libs/libgmp.dylib ../../.libs/libgmp.dylib
gcc -std=gnu99 -DHAVE_CONFIG_H -I. -I../.. -I../.. -I../../tests    -O2 -pedantic -m64 -mtune=core2 -march=core2 -c t-perfsqr.c
/bin/sh ../../libtool --tag=CC   --mode=link gcc -std=gnu99  -O2 -pedantic -m64 -mtune=core2 -march=core2   -o t-perfsqr t-perfsqr.o ../../tests/libtests.la ../../libgmp.la 
libtool: link: gcc -std=gnu99 -O2 -pedantic -m64 -mtune=core2 -march=core2 -o .libs/t-perfsqr t-perfsqr.o  ../../tests/.libs/libtests.a /Users/fe/Projects/osx/gmp-5.0.1/.libs/libgmp.dylib ../../.libs/libgmp.dylib
gcc -std=gnu99 -DHAVE_CONFIG_H -I. -I../.. -I../.. -I../../tests    -O2 -pedantic -m64 -mtune=core2 -march=core2 -c t-scan.c
/bin/sh ../../libtool --tag=CC   --mode=link gcc -std=gnu99  -O2 -pedantic -m64 -mtune=core2 -march=core2   -o t-scan t-scan.o ../../tests/libtests.la ../../libgmp.la 
libtool: link: gcc -std=gnu99 -O2 -pedantic -m64 -mtune=core2 -march=core2 -o .libs/t-scan t-scan.o  ../../tests/.libs/libtests.a /Users/fe/Projects/osx/gmp-5.0.1/.libs/libgmp.dylib ../../.libs/libgmp.dylib
gcc -std=gnu99 -DHAVE_CONFIG_H -I. -I../.. -I../.. -I../../tests    -O2 -pedantic -m64 -mtune=core2 -march=core2 -c t-toom22.c
/bin/sh ../../libtool --tag=CC   --mode=link gcc -std=gnu99  -O2 -pedantic -m64 -mtune=core2 -march=core2   -o t-toom22 t-toom22.o ../../tests/libtests.la ../../libgmp.la 
libtool: link: gcc -std=gnu99 -O2 -pedantic -m64 -mtune=core2 -march=core2 -o .libs/t-toom22 t-toom22.o  ../../tests/.libs/libtests.a /Users/fe/Projects/osx/gmp-5.0.1/.libs/libgmp.dylib ../../.libs/libgmp.dylib
gcc -std=gnu99 -DHAVE_CONFIG_H -I. -I../.. -I../.. -I../../tests    -O2 -pedantic -m64 -mtune=core2 -march=core2 -c t-toom32.c
/bin/sh ../../libtool --tag=CC   --mode=link gcc -std=gnu99  -O2 -pedantic -m64 -mtune=core2 -march=core2   -o t-toom32 t-toom32.o ../../tests/libtests.la ../../libgmp.la 
libtool: link: gcc -std=gnu99 -O2 -pedantic -m64 -mtune=core2 -march=core2 -o .libs/t-toom32 t-toom32.o  ../../tests/.libs/libtests.a /Users/fe/Projects/osx/gmp-5.0.1/.libs/libgmp.dylib ../../.libs/libgmp.dylib
gcc -std=gnu99 -DHAVE_CONFIG_H -I. -I../.. -I../.. -I../../tests    -O2 -pedantic -m64 -mtune=core2 -march=core2 -c t-toom33.c
/bin/sh ../../libtool --tag=CC   --mode=link gcc -std=gnu99  -O2 -pedantic -m64 -mtune=core2 -march=core2   -o t-toom33 t-toom33.o ../../tests/libtests.la ../../libgmp.la 
libtool: link: gcc -std=gnu99 -O2 -pedantic -m64 -mtune=core2 -march=core2 -o .libs/t-toom33 t-toom33.o  ../../tests/.libs/libtests.a /Users/fe/Projects/osx/gmp-5.0.1/.libs/libgmp.dylib ../../.libs/libgmp.dylib
gcc -std=gnu99 -DHAVE_CONFIG_H -I. -I../.. -I../.. -I../../tests    -O2 -pedantic -m64 -mtune=core2 -march=core2 -c t-toom42.c
/bin/sh ../../libtool --tag=CC   --mode=link gcc -std=gnu99  -O2 -pedantic -m64 -mtune=core2 -march=core2   -o t-toom42 t-toom42.o ../../tests/libtests.la ../../libgmp.la 
libtool: link: gcc -std=gnu99 -O2 -pedantic -m64 -mtune=core2 -march=core2 -o .libs/t-toom42 t-toom42.o  ../../tests/.libs/libtests.a /Users/fe/Projects/osx/gmp-5.0.1/.libs/libgmp.dylib ../../.libs/libgmp.dylib
gcc -std=gnu99 -DHAVE_CONFIG_H -I. -I../.. -I../.. -I../../tests    -O2 -pedantic -m64 -mtune=core2 -march=core2 -c t-toom43.c
/bin/sh ../../libtool --tag=CC   --mode=link gcc -std=gnu99  -O2 -pedantic -m64 -mtune=core2 -march=core2   -o t-toom43 t-toom43.o ../../tests/libtests.la ../../libgmp.la 
libtool: link: gcc -std=gnu99 -O2 -pedantic -m64 -mtune=core2 -march=core2 -o .libs/t-toom43 t-toom43.o  ../../tests/.libs/libtests.a /Users/fe/Projects/osx/gmp-5.0.1/.libs/libgmp.dylib ../../.libs/libgmp.dylib
gcc -std=gnu99 -DHAVE_CONFIG_H -I. -I../.. -I../.. -I../../tests    -O2 -pedantic -m64 -mtune=core2 -march=core2 -c t-toom44.c
/bin/sh ../../libtool --tag=CC   --mode=link gcc -std=gnu99  -O2 -pedantic -m64 -mtune=core2 -march=core2   -o t-toom44 t-toom44.o ../../tests/libtests.la ../../libgmp.la 
libtool: link: gcc -std=gnu99 -O2 -pedantic -m64 -mtune=core2 -march=core2 -o .libs/t-toom44 t-toom44.o  ../../tests/.libs/libtests.a /Users/fe/Projects/osx/gmp-5.0.1/.libs/libgmp.dylib ../../.libs/libgmp.dylib
gcc -std=gnu99 -DHAVE_CONFIG_H -I. -I../.. -I../.. -I../../tests    -O2 -pedantic -m64 -mtune=core2 -march=core2 -c t-toom52.c
/bin/sh ../../libtool --tag=CC   --mode=link gcc -std=gnu99  -O2 -pedantic -m64 -mtune=core2 -march=core2   -o t-toom52 t-toom52.o ../../tests/libtests.la ../../libgmp.la 
libtool: link: gcc -std=gnu99 -O2 -pedantic -m64 -mtune=core2 -march=core2 -o .libs/t-toom52 t-toom52.o  ../../tests/.libs/libtests.a /Users/fe/Projects/osx/gmp-5.0.1/.libs/libgmp.dylib ../../.libs/libgmp.dylib
gcc -std=gnu99 -DHAVE_CONFIG_H -I. -I../.. -I../.. -I../../tests    -O2 -pedantic -m64 -mtune=core2 -march=core2 -c t-toom53.c
/bin/sh ../../libtool --tag=CC   --mode=link gcc -std=gnu99  -O2 -pedantic -m64 -mtune=core2 -march=core2   -o t-toom53 t-toom53.o ../../tests/libtests.la ../../libgmp.la 
libtool: link: gcc -std=gnu99 -O2 -pedantic -m64 -mtune=core2 -march=core2 -o .libs/t-toom53 t-toom53.o  ../../tests/.libs/libtests.a /Users/fe/Projects/osx/gmp-5.0.1/.libs/libgmp.dylib ../../.libs/libgmp.dylib
gcc -std=gnu99 -DHAVE_CONFIG_H -I. -I../.. -I../.. -I../../tests    -O2 -pedantic -m64 -mtune=core2 -march=core2 -c t-toom62.c
/bin/sh ../../libtool --tag=CC   --mode=link gcc -std=gnu99  -O2 -pedantic -m64 -mtune=core2 -march=core2   -o t-toom62 t-toom62.o ../../tests/libtests.la ../../libgmp.la 
libtool: link: gcc -std=gnu99 -O2 -pedantic -m64 -mtune=core2 -march=core2 -o .libs/t-toom62 t-toom62.o  ../../tests/.libs/libtests.a /Users/fe/Projects/osx/gmp-5.0.1/.libs/libgmp.dylib ../../.libs/libgmp.dylib
gcc -std=gnu99 -DHAVE_CONFIG_H -I. -I../.. -I../.. -I../../tests    -O2 -pedantic -m64 -mtune=core2 -march=core2 -c t-toom63.c
/bin/sh ../../libtool --tag=CC   --mode=link gcc -std=gnu99  -O2 -pedantic -m64 -mtune=core2 -march=core2   -o t-toom63 t-toom63.o ../../tests/libtests.la ../../libgmp.la 
libtool: link: gcc -std=gnu99 -O2 -pedantic -m64 -mtune=core2 -march=core2 -o .libs/t-toom63 t-toom63.o  ../../tests/.libs/libtests.a /Users/fe/Projects/osx/gmp-5.0.1/.libs/libgmp.dylib ../../.libs/libgmp.dylib
gcc -std=gnu99 -DHAVE_CONFIG_H -I. -I../.. -I../.. -I../../tests    -O2 -pedantic -m64 -mtune=core2 -march=core2 -c t-toom6h.c
/bin/sh ../../libtool --tag=CC   --mode=link gcc -std=gnu99  -O2 -pedantic -m64 -mtune=core2 -march=core2   -o t-toom6h t-toom6h.o ../../tests/libtests.la ../../libgmp.la 
libtool: link: gcc -std=gnu99 -O2 -pedantic -m64 -mtune=core2 -march=core2 -o .libs/t-toom6h t-toom6h.o  ../../tests/.libs/libtests.a /Users/fe/Projects/osx/gmp-5.0.1/.libs/libgmp.dylib ../../.libs/libgmp.dylib
gcc -std=gnu99 -DHAVE_CONFIG_H -I. -I../.. -I../.. -I../../tests    -O2 -pedantic -m64 -mtune=core2 -march=core2 -c t-toom8h.c
/bin/sh ../../libtool --tag=CC   --mode=link gcc -std=gnu99  -O2 -pedantic -m64 -mtune=core2 -march=core2   -o t-toom8h t-toom8h.o ../../tests/libtests.la ../../libgmp.la 
libtool: link: gcc -std=gnu99 -O2 -pedantic -m64 -mtune=core2 -march=core2 -o .libs/t-toom8h t-toom8h.o  ../../tests/.libs/libtests.a /Users/fe/Projects/osx/gmp-5.0.1/.libs/libgmp.dylib ../../.libs/libgmp.dylib
gcc -std=gnu99 -DHAVE_CONFIG_H -I. -I../.. -I../.. -I../../tests    -O2 -pedantic -m64 -mtune=core2 -march=core2 -c t-hgcd.c
/bin/sh ../../libtool --tag=CC   --mode=link gcc -std=gnu99  -O2 -pedantic -m64 -mtune=core2 -march=core2   -o t-hgcd t-hgcd.o ../../tests/libtests.la ../../libgmp.la 
libtool: link: gcc -std=gnu99 -O2 -pedantic -m64 -mtune=core2 -march=core2 -o .libs/t-hgcd t-hgcd.o  ../../tests/.libs/libtests.a /Users/fe/Projects/osx/gmp-5.0.1/.libs/libgmp.dylib ../../.libs/libgmp.dylib
gcc -std=gnu99 -DHAVE_CONFIG_H -I. -I../.. -I../.. -I../../tests    -O2 -pedantic -m64 -mtune=core2 -march=core2 -c t-matrix22.c
/bin/sh ../../libtool --tag=CC   --mode=link gcc -std=gnu99  -O2 -pedantic -m64 -mtune=core2 -march=core2   -o t-matrix22 t-matrix22.o ../../tests/libtests.la ../../libgmp.la 
libtool: link: gcc -std=gnu99 -O2 -pedantic -m64 -mtune=core2 -march=core2 -o .libs/t-matrix22 t-matrix22.o  ../../tests/.libs/libtests.a /Users/fe/Projects/osx/gmp-5.0.1/.libs/libgmp.dylib ../../.libs/libgmp.dylib
gcc -std=gnu99 -DHAVE_CONFIG_H -I. -I../.. -I../.. -I../../tests    -O2 -pedantic -m64 -mtune=core2 -march=core2 -c t-mullo.c
/bin/sh ../../libtool --tag=CC   --mode=link gcc -std=gnu99  -O2 -pedantic -m64 -mtune=core2 -march=core2   -o t-mullo t-mullo.o ../../tests/libtests.la ../../libgmp.la 
libtool: link: gcc -std=gnu99 -O2 -pedantic -m64 -mtune=core2 -march=core2 -o .libs/t-mullo t-mullo.o  ../../tests/.libs/libtests.a /Users/fe/Projects/osx/gmp-5.0.1/.libs/libgmp.dylib ../../.libs/libgmp.dylib
gcc -std=gnu99 -DHAVE_CONFIG_H -I. -I../.. -I../.. -I../../tests    -O2 -pedantic -m64 -mtune=core2 -march=core2 -c t-mulmod_bnm1.c
/bin/sh ../../libtool --tag=CC   --mode=link gcc -std=gnu99  -O2 -pedantic -m64 -mtune=core2 -march=core2   -o t-mulmod_bnm1 t-mulmod_bnm1.o ../../tests/libtests.la ../../libgmp.la 
libtool: link: gcc -std=gnu99 -O2 -pedantic -m64 -mtune=core2 -march=core2 -o .libs/t-mulmod_bnm1 t-mulmod_bnm1.o  ../../tests/.libs/libtests.a /Users/fe/Projects/osx/gmp-5.0.1/.libs/libgmp.dylib ../../.libs/libgmp.dylib
gcc -std=gnu99 -DHAVE_CONFIG_H -I. -I../.. -I../.. -I../../tests    -O2 -pedantic -m64 -mtune=core2 -march=core2 -c t-sqrmod_bnm1.c
/bin/sh ../../libtool --tag=CC   --mode=link gcc -std=gnu99  -O2 -pedantic -m64 -mtune=core2 -march=core2   -o t-sqrmod_bnm1 t-sqrmod_bnm1.o ../../tests/libtests.la ../../libgmp.la 
libtool: link: gcc -std=gnu99 -O2 -pedantic -m64 -mtune=core2 -march=core2 -o .libs/t-sqrmod_bnm1 t-sqrmod_bnm1.o  ../../tests/.libs/libtests.a /Users/fe/Projects/osx/gmp-5.0.1/.libs/libgmp.dylib ../../.libs/libgmp.dylib
gcc -std=gnu99 -DHAVE_CONFIG_H -I. -I../.. -I../.. -I../../tests    -O2 -pedantic -m64 -mtune=core2 -march=core2 -c t-invert.c
/bin/sh ../../libtool --tag=CC   --mode=link gcc -std=gnu99  -O2 -pedantic -m64 -mtune=core2 -march=core2   -o t-invert t-invert.o ../../tests/libtests.la ../../libgmp.la 
libtool: link: gcc -std=gnu99 -O2 -pedantic -m64 -mtune=core2 -march=core2 -o .libs/t-invert t-invert.o  ../../tests/.libs/libtests.a /Users/fe/Projects/osx/gmp-5.0.1/.libs/libgmp.dylib ../../.libs/libgmp.dylib
gcc -std=gnu99 -DHAVE_CONFIG_H -I. -I../.. -I../.. -I../../tests    -O2 -pedantic -m64 -mtune=core2 -march=core2 -c t-div.c
/bin/sh ../../libtool --tag=CC   --mode=link gcc -std=gnu99  -O2 -pedantic -m64 -mtune=core2 -march=core2   -o t-div t-div.o ../../tests/libtests.la ../../libgmp.la 
libtool: link: gcc -std=gnu99 -O2 -pedantic -m64 -mtune=core2 -march=core2 -o .libs/t-div t-div.o  ../../tests/.libs/libtests.a /Users/fe/Projects/osx/gmp-5.0.1/.libs/libgmp.dylib ../../.libs/libgmp.dylib
gcc -std=gnu99 -DHAVE_CONFIG_H -I. -I../.. -I../.. -I../../tests    -O2 -pedantic -m64 -mtune=core2 -march=core2 -c t-bdiv.c
/bin/sh ../../libtool --tag=CC   --mode=link gcc -std=gnu99  -O2 -pedantic -m64 -mtune=core2 -march=core2   -o t-bdiv t-bdiv.o ../../tests/libtests.la ../../libgmp.la 
libtool: link: gcc -std=gnu99 -O2 -pedantic -m64 -mtune=core2 -march=core2 -o .libs/t-bdiv t-bdiv.o  ../../tests/.libs/libtests.a /Users/fe/Projects/osx/gmp-5.0.1/.libs/libgmp.dylib ../../.libs/libgmp.dylib
make  check-TESTS
PASS: t-asmtype
PASS: t-aors_1
PASS: t-divrem_1
PASS: t-fat
PASS: t-get_d
PASS: t-instrument
PASS: t-iord_u
PASS: t-mp_bases
PASS: t-perfsqr
PASS: t-scan
PASS: t-toom22
PASS: t-toom32
PASS: t-toom33
PASS: t-toom42
PASS: t-toom43
PASS: t-toom44
PASS: t-toom52
PASS: t-toom53
PASS: t-toom62
PASS: t-toom63
PASS: t-toom6h
PASS: t-toom8h
PASS: t-hgcd
PASS: t-matrix22
PASS: t-mullo
PASS: t-mulmod_bnm1
PASS: t-sqrmod_bnm1
PASS: t-invert
PASS: t-div
PASS: t-bdiv
===================
All 30 tests passed
===================
Making check in mpz
make  t-addsub t-cmp t-mul t-mul_i t-tdiv t-tdiv_ui t-fdiv t-fdiv_ui t-cdiv_ui t-gcd t-gcd_ui t-lcm dive dive_ui t-sqrtrem convert io t-inp_str logic bit t-powm t-powm_ui t-pow t-div_2exp reuse t-root t-perfsqr t-perfpow t-jac t-bin t-get_d t-get_d_2exp t-get_si t-set_d t-set_si t-fac_ui t-fib_ui t-lucnum_ui t-scan t-fits t-divis t-divis_2exp t-cong t-cong_2exp t-sizeinbase t-set_str t-aorsmul t-cmp_d t-cmp_si t-hamdist t-oddeven t-popcount t-set_f t-io_raw t-import t-export t-pprime_p t-nextprime
gcc -std=gnu99 -DHAVE_CONFIG_H -I. -I../.. -I../.. -I../../tests    -O2 -pedantic -m64 -mtune=core2 -march=core2 -c t-addsub.c
/bin/sh ../../libtool --tag=CC   --mode=link gcc -std=gnu99  -O2 -pedantic -m64 -mtune=core2 -march=core2   -o t-addsub t-addsub.o ../../tests/libtests.la ../../libgmp.la 
libtool: link: gcc -std=gnu99 -O2 -pedantic -m64 -mtune=core2 -march=core2 -o .libs/t-addsub t-addsub.o  ../../tests/.libs/libtests.a /Users/fe/Projects/osx/gmp-5.0.1/.libs/libgmp.dylib ../../.libs/libgmp.dylib
gcc -std=gnu99 -DHAVE_CONFIG_H -I. -I../.. -I../.. -I../../tests    -O2 -pedantic -m64 -mtune=core2 -march=core2 -c t-cmp.c
/bin/sh ../../libtool --tag=CC   --mode=link gcc -std=gnu99  -O2 -pedantic -m64 -mtune=core2 -march=core2   -o t-cmp t-cmp.o ../../tests/libtests.la ../../libgmp.la 
libtool: link: gcc -std=gnu99 -O2 -pedantic -m64 -mtune=core2 -march=core2 -o .libs/t-cmp t-cmp.o  ../../tests/.libs/libtests.a /Users/fe/Projects/osx/gmp-5.0.1/.libs/libgmp.dylib ../../.libs/libgmp.dylib
gcc -std=gnu99 -DHAVE_CONFIG_H -I. -I../.. -I../.. -I../../tests    -O2 -pedantic -m64 -mtune=core2 -march=core2 -c t-mul.c
/bin/sh ../../libtool --tag=CC   --mode=link gcc -std=gnu99  -O2 -pedantic -m64 -mtune=core2 -march=core2   -o t-mul t-mul.o ../../tests/libtests.la ../../libgmp.la 
libtool: link: gcc -std=gnu99 -O2 -pedantic -m64 -mtune=core2 -march=core2 -o .libs/t-mul t-mul.o  ../../tests/.libs/libtests.a /Users/fe/Projects/osx/gmp-5.0.1/.libs/libgmp.dylib ../../.libs/libgmp.dylib
gcc -std=gnu99 -DHAVE_CONFIG_H -I. -I../.. -I../.. -I../../tests    -O2 -pedantic -m64 -mtune=core2 -march=core2 -c t-mul_i.c
/bin/sh ../../libtool --tag=CC   --mode=link gcc -std=gnu99  -O2 -pedantic -m64 -mtune=core2 -march=core2   -o t-mul_i t-mul_i.o ../../tests/libtests.la ../../libgmp.la 
libtool: link: gcc -std=gnu99 -O2 -pedantic -m64 -mtune=core2 -march=core2 -o .libs/t-mul_i t-mul_i.o  ../../tests/.libs/libtests.a /Users/fe/Projects/osx/gmp-5.0.1/.libs/libgmp.dylib ../../.libs/libgmp.dylib
gcc -std=gnu99 -DHAVE_CONFIG_H -I. -I../.. -I../.. -I../../tests    -O2 -pedantic -m64 -mtune=core2 -march=core2 -c t-tdiv.c
/bin/sh ../../libtool --tag=CC   --mode=link gcc -std=gnu99  -O2 -pedantic -m64 -mtune=core2 -march=core2   -o t-tdiv t-tdiv.o ../../tests/libtests.la ../../libgmp.la 
libtool: link: gcc -std=gnu99 -O2 -pedantic -m64 -mtune=core2 -march=core2 -o .libs/t-tdiv t-tdiv.o  ../../tests/.libs/libtests.a /Users/fe/Projects/osx/gmp-5.0.1/.libs/libgmp.dylib ../../.libs/libgmp.dylib
gcc -std=gnu99 -DHAVE_CONFIG_H -I. -I../.. -I../.. -I../../tests    -O2 -pedantic -m64 -mtune=core2 -march=core2 -c t-tdiv_ui.c
/bin/sh ../../libtool --tag=CC   --mode=link gcc -std=gnu99  -O2 -pedantic -m64 -mtune=core2 -march=core2   -o t-tdiv_ui t-tdiv_ui.o ../../tests/libtests.la ../../libgmp.la 
libtool: link: gcc -std=gnu99 -O2 -pedantic -m64 -mtune=core2 -march=core2 -o .libs/t-tdiv_ui t-tdiv_ui.o  ../../tests/.libs/libtests.a /Users/fe/Projects/osx/gmp-5.0.1/.libs/libgmp.dylib ../../.libs/libgmp.dylib
gcc -std=gnu99 -DHAVE_CONFIG_H -I. -I../.. -I../.. -I../../tests    -O2 -pedantic -m64 -mtune=core2 -march=core2 -c t-fdiv.c
/bin/sh ../../libtool --tag=CC   --mode=link gcc -std=gnu99  -O2 -pedantic -m64 -mtune=core2 -march=core2   -o t-fdiv t-fdiv.o ../../tests/libtests.la ../../libgmp.la 
libtool: link: gcc -std=gnu99 -O2 -pedantic -m64 -mtune=core2 -march=core2 -o .libs/t-fdiv t-fdiv.o  ../../tests/.libs/libtests.a /Users/fe/Projects/osx/gmp-5.0.1/.libs/libgmp.dylib ../../.libs/libgmp.dylib
gcc -std=gnu99 -DHAVE_CONFIG_H -I. -I../.. -I../.. -I../../tests    -O2 -pedantic -m64 -mtune=core2 -march=core2 -c t-fdiv_ui.c
/bin/sh ../../libtool --tag=CC   --mode=link gcc -std=gnu99  -O2 -pedantic -m64 -mtune=core2 -march=core2   -o t-fdiv_ui t-fdiv_ui.o ../../tests/libtests.la ../../libgmp.la 
libtool: link: gcc -std=gnu99 -O2 -pedantic -m64 -mtune=core2 -march=core2 -o .libs/t-fdiv_ui t-fdiv_ui.o  ../../tests/.libs/libtests.a /Users/fe/Projects/osx/gmp-5.0.1/.libs/libgmp.dylib ../../.libs/libgmp.dylib
gcc -std=gnu99 -DHAVE_CONFIG_H -I. -I../.. -I../.. -I../../tests    -O2 -pedantic -m64 -mtune=core2 -march=core2 -c t-cdiv_ui.c
/bin/sh ../../libtool --tag=CC   --mode=link gcc -std=gnu99  -O2 -pedantic -m64 -mtune=core2 -march=core2   -o t-cdiv_ui t-cdiv_ui.o ../../tests/libtests.la ../../libgmp.la 
libtool: link: gcc -std=gnu99 -O2 -pedantic -m64 -mtune=core2 -march=core2 -o .libs/t-cdiv_ui t-cdiv_ui.o  ../../tests/.libs/libtests.a /Users/fe/Projects/osx/gmp-5.0.1/.libs/libgmp.dylib ../../.libs/libgmp.dylib
gcc -std=gnu99 -DHAVE_CONFIG_H -I. -I../.. -I../.. -I../../tests    -O2 -pedantic -m64 -mtune=core2 -march=core2 -c t-gcd.c
/bin/sh ../../libtool --tag=CC   --mode=link gcc -std=gnu99  -O2 -pedantic -m64 -mtune=core2 -march=core2   -o t-gcd t-gcd.o ../../tests/libtests.la ../../libgmp.la 
libtool: link: gcc -std=gnu99 -O2 -pedantic -m64 -mtune=core2 -march=core2 -o .libs/t-gcd t-gcd.o  ../../tests/.libs/libtests.a /Users/fe/Projects/osx/gmp-5.0.1/.libs/libgmp.dylib ../../.libs/libgmp.dylib
gcc -std=gnu99 -DHAVE_CONFIG_H -I. -I../.. -I../.. -I../../tests    -O2 -pedantic -m64 -mtune=core2 -march=core2 -c t-gcd_ui.c
/bin/sh ../../libtool --tag=CC   --mode=link gcc -std=gnu99  -O2 -pedantic -m64 -mtune=core2 -march=core2   -o t-gcd_ui t-gcd_ui.o ../../tests/libtests.la ../../libgmp.la 
libtool: link: gcc -std=gnu99 -O2 -pedantic -m64 -mtune=core2 -march=core2 -o .libs/t-gcd_ui t-gcd_ui.o  ../../tests/.libs/libtests.a /Users/fe/Projects/osx/gmp-5.0.1/.libs/libgmp.dylib ../../.libs/libgmp.dylib
gcc -std=gnu99 -DHAVE_CONFIG_H -I. -I../.. -I../.. -I../../tests    -O2 -pedantic -m64 -mtune=core2 -march=core2 -c t-lcm.c
/bin/sh ../../libtool --tag=CC   --mode=link gcc -std=gnu99  -O2 -pedantic -m64 -mtune=core2 -march=core2   -o t-lcm t-lcm.o ../../tests/libtests.la ../../libgmp.la 
libtool: link: gcc -std=gnu99 -O2 -pedantic -m64 -mtune=core2 -march=core2 -o .libs/t-lcm t-lcm.o  ../../tests/.libs/libtests.a /Users/fe/Projects/osx/gmp-5.0.1/.libs/libgmp.dylib ../../.libs/libgmp.dylib
gcc -std=gnu99 -DHAVE_CONFIG_H -I. -I../.. -I../.. -I../../tests    -O2 -pedantic -m64 -mtune=core2 -march=core2 -c dive.c
/bin/sh ../../libtool --tag=CC   --mode=link gcc -std=gnu99  -O2 -pedantic -m64 -mtune=core2 -march=core2   -o dive dive.o ../../tests/libtests.la ../../libgmp.la 
libtool: link: gcc -std=gnu99 -O2 -pedantic -m64 -mtune=core2 -march=core2 -o .libs/dive dive.o  ../../tests/.libs/libtests.a /Users/fe/Projects/osx/gmp-5.0.1/.libs/libgmp.dylib ../../.libs/libgmp.dylib
gcc -std=gnu99 -DHAVE_CONFIG_H -I. -I../.. -I../.. -I../../tests    -O2 -pedantic -m64 -mtune=core2 -march=core2 -c dive_ui.c
/bin/sh ../../libtool --tag=CC   --mode=link gcc -std=gnu99  -O2 -pedantic -m64 -mtune=core2 -march=core2   -o dive_ui dive_ui.o ../../tests/libtests.la ../../libgmp.la 
libtool: link: gcc -std=gnu99 -O2 -pedantic -m64 -mtune=core2 -march=core2 -o .libs/dive_ui dive_ui.o  ../../tests/.libs/libtests.a /Users/fe/Projects/osx/gmp-5.0.1/.libs/libgmp.dylib ../../.libs/libgmp.dylib
gcc -std=gnu99 -DHAVE_CONFIG_H -I. -I../.. -I../.. -I../../tests    -O2 -pedantic -m64 -mtune=core2 -march=core2 -c t-sqrtrem.c
/bin/sh ../../libtool --tag=CC   --mode=link gcc -std=gnu99  -O2 -pedantic -m64 -mtune=core2 -march=core2   -o t-sqrtrem t-sqrtrem.o ../../tests/libtests.la ../../libgmp.la 
libtool: link: gcc -std=gnu99 -O2 -pedantic -m64 -mtune=core2 -march=core2 -o .libs/t-sqrtrem t-sqrtrem.o  ../../tests/.libs/libtests.a /Users/fe/Projects/osx/gmp-5.0.1/.libs/libgmp.dylib ../../.libs/libgmp.dylib
gcc -std=gnu99 -DHAVE_CONFIG_H -I. -I../.. -I../.. -I../../tests    -O2 -pedantic -m64 -mtune=core2 -march=core2 -c convert.c
/bin/sh ../../libtool --tag=CC   --mode=link gcc -std=gnu99  -O2 -pedantic -m64 -mtune=core2 -march=core2   -o convert convert.o ../../tests/libtests.la ../../libgmp.la 
libtool: link: gcc -std=gnu99 -O2 -pedantic -m64 -mtune=core2 -march=core2 -o .libs/convert convert.o  ../../tests/.libs/libtests.a /Users/fe/Projects/osx/gmp-5.0.1/.libs/libgmp.dylib ../../.libs/libgmp.dylib
gcc -std=gnu99 -DHAVE_CONFIG_H -I. -I../.. -I../.. -I../../tests    -O2 -pedantic -m64 -mtune=core2 -march=core2 -c io.c
/bin/sh ../../libtool --tag=CC   --mode=link gcc -std=gnu99  -O2 -pedantic -m64 -mtune=core2 -march=core2   -o io io.o ../../tests/libtests.la ../../libgmp.la 
libtool: link: gcc -std=gnu99 -O2 -pedantic -m64 -mtune=core2 -march=core2 -o .libs/io io.o  ../../tests/.libs/libtests.a /Users/fe/Projects/osx/gmp-5.0.1/.libs/libgmp.dylib ../../.libs/libgmp.dylib
gcc -std=gnu99 -DHAVE_CONFIG_H -I. -I../.. -I../.. -I../../tests    -O2 -pedantic -m64 -mtune=core2 -march=core2 -c t-inp_str.c
/bin/sh ../../libtool --tag=CC   --mode=link gcc -std=gnu99  -O2 -pedantic -m64 -mtune=core2 -march=core2   -o t-inp_str t-inp_str.o ../../tests/libtests.la ../../libgmp.la 
libtool: link: gcc -std=gnu99 -O2 -pedantic -m64 -mtune=core2 -march=core2 -o .libs/t-inp_str t-inp_str.o  ../../tests/.libs/libtests.a /Users/fe/Projects/osx/gmp-5.0.1/.libs/libgmp.dylib ../../.libs/libgmp.dylib
gcc -std=gnu99 -DHAVE_CONFIG_H -I. -I../.. -I../.. -I../../tests    -O2 -pedantic -m64 -mtune=core2 -march=core2 -c logic.c
/bin/sh ../../libtool --tag=CC   --mode=link gcc -std=gnu99  -O2 -pedantic -m64 -mtune=core2 -march=core2   -o logic logic.o ../../tests/libtests.la ../../libgmp.la 
libtool: link: gcc -std=gnu99 -O2 -pedantic -m64 -mtune=core2 -march=core2 -o .libs/logic logic.o  ../../tests/.libs/libtests.a /Users/fe/Projects/osx/gmp-5.0.1/.libs/libgmp.dylib ../../.libs/libgmp.dylib
gcc -std=gnu99 -DHAVE_CONFIG_H -I. -I../.. -I../.. -I../../tests    -O2 -pedantic -m64 -mtune=core2 -march=core2 -c bit.c
/bin/sh ../../libtool --tag=CC   --mode=link gcc -std=gnu99  -O2 -pedantic -m64 -mtune=core2 -march=core2   -o bit bit.o ../../tests/libtests.la ../../libgmp.la 
libtool: link: gcc -std=gnu99 -O2 -pedantic -m64 -mtune=core2 -march=core2 -o .libs/bit bit.o  ../../tests/.libs/libtests.a /Users/fe/Projects/osx/gmp-5.0.1/.libs/libgmp.dylib ../../.libs/libgmp.dylib
gcc -std=gnu99 -DHAVE_CONFIG_H -I. -I../.. -I../.. -I../../tests    -O2 -pedantic -m64 -mtune=core2 -march=core2 -c t-powm.c
/bin/sh ../../libtool --tag=CC   --mode=link gcc -std=gnu99  -O2 -pedantic -m64 -mtune=core2 -march=core2   -o t-powm t-powm.o ../../tests/libtests.la ../../libgmp.la 
libtool: link: gcc -std=gnu99 -O2 -pedantic -m64 -mtune=core2 -march=core2 -o .libs/t-powm t-powm.o  ../../tests/.libs/libtests.a /Users/fe/Projects/osx/gmp-5.0.1/.libs/libgmp.dylib ../../.libs/libgmp.dylib
gcc -std=gnu99 -DHAVE_CONFIG_H -I. -I../.. -I../.. -I../../tests    -O2 -pedantic -m64 -mtune=core2 -march=core2 -c t-powm_ui.c
/bin/sh ../../libtool --tag=CC   --mode=link gcc -std=gnu99  -O2 -pedantic -m64 -mtune=core2 -march=core2   -o t-powm_ui t-powm_ui.o ../../tests/libtests.la ../../libgmp.la 
libtool: link: gcc -std=gnu99 -O2 -pedantic -m64 -mtune=core2 -march=core2 -o .libs/t-powm_ui t-powm_ui.o  ../../tests/.libs/libtests.a /Users/fe/Projects/osx/gmp-5.0.1/.libs/libgmp.dylib ../../.libs/libgmp.dylib
gcc -std=gnu99 -DHAVE_CONFIG_H -I. -I../.. -I../.. -I../../tests    -O2 -pedantic -m64 -mtune=core2 -march=core2 -c t-pow.c
/bin/sh ../../libtool --tag=CC   --mode=link gcc -std=gnu99  -O2 -pedantic -m64 -mtune=core2 -march=core2   -o t-pow t-pow.o ../../tests/libtests.la ../../libgmp.la 
libtool: link: gcc -std=gnu99 -O2 -pedantic -m64 -mtune=core2 -march=core2 -o .libs/t-pow t-pow.o  ../../tests/.libs/libtests.a /Users/fe/Projects/osx/gmp-5.0.1/.libs/libgmp.dylib ../../.libs/libgmp.dylib
gcc -std=gnu99 -DHAVE_CONFIG_H -I. -I../.. -I../.. -I../../tests    -O2 -pedantic -m64 -mtune=core2 -march=core2 -c t-div_2exp.c
/bin/sh ../../libtool --tag=CC   --mode=link gcc -std=gnu99  -O2 -pedantic -m64 -mtune=core2 -march=core2   -o t-div_2exp t-div_2exp.o ../../tests/libtests.la ../../libgmp.la 
libtool: link: gcc -std=gnu99 -O2 -pedantic -m64 -mtune=core2 -march=core2 -o .libs/t-div_2exp t-div_2exp.o  ../../tests/.libs/libtests.a /Users/fe/Projects/osx/gmp-5.0.1/.libs/libgmp.dylib ../../.libs/libgmp.dylib
gcc -std=gnu99 -DHAVE_CONFIG_H -I. -I../.. -I../.. -I../../tests    -O2 -pedantic -m64 -mtune=core2 -march=core2 -c reuse.c
/bin/sh ../../libtool --tag=CC   --mode=link gcc -std=gnu99  -O2 -pedantic -m64 -mtune=core2 -march=core2   -o reuse reuse.o ../../tests/libtests.la ../../libgmp.la 
libtool: link: gcc -std=gnu99 -O2 -pedantic -m64 -mtune=core2 -march=core2 -o .libs/reuse reuse.o  ../../tests/.libs/libtests.a /Users/fe/Projects/osx/gmp-5.0.1/.libs/libgmp.dylib ../../.libs/libgmp.dylib
gcc -std=gnu99 -DHAVE_CONFIG_H -I. -I../.. -I../.. -I../../tests    -O2 -pedantic -m64 -mtune=core2 -march=core2 -c t-root.c
/bin/sh ../../libtool --tag=CC   --mode=link gcc -std=gnu99  -O2 -pedantic -m64 -mtune=core2 -march=core2   -o t-root t-root.o ../../tests/libtests.la ../../libgmp.la 
libtool: link: gcc -std=gnu99 -O2 -pedantic -m64 -mtune=core2 -march=core2 -o .libs/t-root t-root.o  ../../tests/.libs/libtests.a /Users/fe/Projects/osx/gmp-5.0.1/.libs/libgmp.dylib ../../.libs/libgmp.dylib
gcc -std=gnu99 -DHAVE_CONFIG_H -I. -I../.. -I../.. -I../../tests    -O2 -pedantic -m64 -mtune=core2 -march=core2 -c t-perfsqr.c
/bin/sh ../../libtool --tag=CC   --mode=link gcc -std=gnu99  -O2 -pedantic -m64 -mtune=core2 -march=core2   -o t-perfsqr t-perfsqr.o ../../tests/libtests.la ../../libgmp.la 
libtool: link: gcc -std=gnu99 -O2 -pedantic -m64 -mtune=core2 -march=core2 -o .libs/t-perfsqr t-perfsqr.o  ../../tests/.libs/libtests.a /Users/fe/Projects/osx/gmp-5.0.1/.libs/libgmp.dylib ../../.libs/libgmp.dylib
gcc -std=gnu99 -DHAVE_CONFIG_H -I. -I../.. -I../.. -I../../tests    -O2 -pedantic -m64 -mtune=core2 -march=core2 -c t-perfpow.c
/bin/sh ../../libtool --tag=CC   --mode=link gcc -std=gnu99  -O2 -pedantic -m64 -mtune=core2 -march=core2   -o t-perfpow t-perfpow.o ../../tests/libtests.la ../../libgmp.la 
libtool: link: gcc -std=gnu99 -O2 -pedantic -m64 -mtune=core2 -march=core2 -o .libs/t-perfpow t-perfpow.o  ../../tests/.libs/libtests.a /Users/fe/Projects/osx/gmp-5.0.1/.libs/libgmp.dylib ../../.libs/libgmp.dylib
gcc -std=gnu99 -DHAVE_CONFIG_H -I. -I../.. -I../.. -I../../tests    -O2 -pedantic -m64 -mtune=core2 -march=core2 -c t-jac.c
/bin/sh ../../libtool --tag=CC   --mode=link gcc -std=gnu99  -O2 -pedantic -m64 -mtune=core2 -march=core2   -o t-jac t-jac.o ../../tests/libtests.la ../../libgmp.la 
libtool: link: gcc -std=gnu99 -O2 -pedantic -m64 -mtune=core2 -march=core2 -o .libs/t-jac t-jac.o  ../../tests/.libs/libtests.a /Users/fe/Projects/osx/gmp-5.0.1/.libs/libgmp.dylib ../../.libs/libgmp.dylib
gcc -std=gnu99 -DHAVE_CONFIG_H -I. -I../.. -I../.. -I../../tests    -O2 -pedantic -m64 -mtune=core2 -march=core2 -c t-bin.c
/bin/sh ../../libtool --tag=CC   --mode=link gcc -std=gnu99  -O2 -pedantic -m64 -mtune=core2 -march=core2   -o t-bin t-bin.o ../../tests/libtests.la ../../libgmp.la 
libtool: link: gcc -std=gnu99 -O2 -pedantic -m64 -mtune=core2 -march=core2 -o .libs/t-bin t-bin.o  ../../tests/.libs/libtests.a /Users/fe/Projects/osx/gmp-5.0.1/.libs/libgmp.dylib ../../.libs/libgmp.dylib
gcc -std=gnu99 -DHAVE_CONFIG_H -I. -I../.. -I../.. -I../../tests    -O2 -pedantic -m64 -mtune=core2 -march=core2 -c t-get_d.c
/bin/sh ../../libtool --tag=CC   --mode=link gcc -std=gnu99  -O2 -pedantic -m64 -mtune=core2 -march=core2   -o t-get_d t-get_d.o ../../tests/libtests.la ../../libgmp.la 
libtool: link: gcc -std=gnu99 -O2 -pedantic -m64 -mtune=core2 -march=core2 -o .libs/t-get_d t-get_d.o  ../../tests/.libs/libtests.a /Users/fe/Projects/osx/gmp-5.0.1/.libs/libgmp.dylib ../../.libs/libgmp.dylib
gcc -std=gnu99 -DHAVE_CONFIG_H -I. -I../.. -I../.. -I../../tests    -O2 -pedantic -m64 -mtune=core2 -march=core2 -c t-get_d_2exp.c
/bin/sh ../../libtool --tag=CC   --mode=link gcc -std=gnu99  -O2 -pedantic -m64 -mtune=core2 -march=core2   -o t-get_d_2exp t-get_d_2exp.o ../../tests/libtests.la ../../libgmp.la 
libtool: link: gcc -std=gnu99 -O2 -pedantic -m64 -mtune=core2 -march=core2 -o .libs/t-get_d_2exp t-get_d_2exp.o  ../../tests/.libs/libtests.a /Users/fe/Projects/osx/gmp-5.0.1/.libs/libgmp.dylib ../../.libs/libgmp.dylib
gcc -std=gnu99 -DHAVE_CONFIG_H -I. -I../.. -I../.. -I../../tests    -O2 -pedantic -m64 -mtune=core2 -march=core2 -c t-get_si.c
/bin/sh ../../libtool --tag=CC   --mode=link gcc -std=gnu99  -O2 -pedantic -m64 -mtune=core2 -march=core2   -o t-get_si t-get_si.o ../../tests/libtests.la ../../libgmp.la 
libtool: link: gcc -std=gnu99 -O2 -pedantic -m64 -mtune=core2 -march=core2 -o .libs/t-get_si t-get_si.o  ../../tests/.libs/libtests.a /Users/fe/Projects/osx/gmp-5.0.1/.libs/libgmp.dylib ../../.libs/libgmp.dylib
gcc -std=gnu99 -DHAVE_CONFIG_H -I. -I../.. -I../.. -I../../tests    -O2 -pedantic -m64 -mtune=core2 -march=core2 -c t-set_d.c
/bin/sh ../../libtool --tag=CC   --mode=link gcc -std=gnu99  -O2 -pedantic -m64 -mtune=core2 -march=core2   -o t-set_d t-set_d.o ../../tests/libtests.la ../../libgmp.la 
libtool: link: gcc -std=gnu99 -O2 -pedantic -m64 -mtune=core2 -march=core2 -o .libs/t-set_d t-set_d.o  ../../tests/.libs/libtests.a /Users/fe/Projects/osx/gmp-5.0.1/.libs/libgmp.dylib ../../.libs/libgmp.dylib
gcc -std=gnu99 -DHAVE_CONFIG_H -I. -I../.. -I../.. -I../../tests    -O2 -pedantic -m64 -mtune=core2 -march=core2 -c t-set_si.c
/bin/sh ../../libtool --tag=CC   --mode=link gcc -std=gnu99  -O2 -pedantic -m64 -mtune=core2 -march=core2   -o t-set_si t-set_si.o ../../tests/libtests.la ../../libgmp.la 
libtool: link: gcc -std=gnu99 -O2 -pedantic -m64 -mtune=core2 -march=core2 -o .libs/t-set_si t-set_si.o  ../../tests/.libs/libtests.a /Users/fe/Projects/osx/gmp-5.0.1/.libs/libgmp.dylib ../../.libs/libgmp.dylib
gcc -std=gnu99 -DHAVE_CONFIG_H -I. -I../.. -I../.. -I../../tests    -O2 -pedantic -m64 -mtune=core2 -march=core2 -c t-fac_ui.c
/bin/sh ../../libtool --tag=CC   --mode=link gcc -std=gnu99  -O2 -pedantic -m64 -mtune=core2 -march=core2   -o t-fac_ui t-fac_ui.o ../../tests/libtests.la ../../libgmp.la 
libtool: link: gcc -std=gnu99 -O2 -pedantic -m64 -mtune=core2 -march=core2 -o .libs/t-fac_ui t-fac_ui.o  ../../tests/.libs/libtests.a /Users/fe/Projects/osx/gmp-5.0.1/.libs/libgmp.dylib ../../.libs/libgmp.dylib
gcc -std=gnu99 -DHAVE_CONFIG_H -I. -I../.. -I../.. -I../../tests    -O2 -pedantic -m64 -mtune=core2 -march=core2 -c t-fib_ui.c
/bin/sh ../../libtool --tag=CC   --mode=link gcc -std=gnu99  -O2 -pedantic -m64 -mtune=core2 -march=core2   -o t-fib_ui t-fib_ui.o ../../tests/libtests.la ../../libgmp.la 
libtool: link: gcc -std=gnu99 -O2 -pedantic -m64 -mtune=core2 -march=core2 -o .libs/t-fib_ui t-fib_ui.o  ../../tests/.libs/libtests.a /Users/fe/Projects/osx/gmp-5.0.1/.libs/libgmp.dylib ../../.libs/libgmp.dylib
gcc -std=gnu99 -DHAVE_CONFIG_H -I. -I../.. -I../.. -I../../tests    -O2 -pedantic -m64 -mtune=core2 -march=core2 -c t-lucnum_ui.c
/bin/sh ../../libtool --tag=CC   --mode=link gcc -std=gnu99  -O2 -pedantic -m64 -mtune=core2 -march=core2   -o t-lucnum_ui t-lucnum_ui.o ../../tests/libtests.la ../../libgmp.la 
libtool: link: gcc -std=gnu99 -O2 -pedantic -m64 -mtune=core2 -march=core2 -o .libs/t-lucnum_ui t-lucnum_ui.o  ../../tests/.libs/libtests.a /Users/fe/Projects/osx/gmp-5.0.1/.libs/libgmp.dylib ../../.libs/libgmp.dylib
gcc -std=gnu99 -DHAVE_CONFIG_H -I. -I../.. -I../.. -I../../tests    -O2 -pedantic -m64 -mtune=core2 -march=core2 -c t-scan.c
/bin/sh ../../libtool --tag=CC   --mode=link gcc -std=gnu99  -O2 -pedantic -m64 -mtune=core2 -march=core2   -o t-scan t-scan.o ../../tests/libtests.la ../../libgmp.la 
libtool: link: gcc -std=gnu99 -O2 -pedantic -m64 -mtune=core2 -march=core2 -o .libs/t-scan t-scan.o  ../../tests/.libs/libtests.a /Users/fe/Projects/osx/gmp-5.0.1/.libs/libgmp.dylib ../../.libs/libgmp.dylib
gcc -std=gnu99 -DHAVE_CONFIG_H -I. -I../.. -I../.. -I../../tests    -O2 -pedantic -m64 -mtune=core2 -march=core2 -c t-fits.c
/bin/sh ../../libtool --tag=CC   --mode=link gcc -std=gnu99  -O2 -pedantic -m64 -mtune=core2 -march=core2   -o t-fits t-fits.o ../../tests/libtests.la ../../libgmp.la 
libtool: link: gcc -std=gnu99 -O2 -pedantic -m64 -mtune=core2 -march=core2 -o .libs/t-fits t-fits.o  ../../tests/.libs/libtests.a /Users/fe/Projects/osx/gmp-5.0.1/.libs/libgmp.dylib ../../.libs/libgmp.dylib
gcc -std=gnu99 -DHAVE_CONFIG_H -I. -I../.. -I../.. -I../../tests    -O2 -pedantic -m64 -mtune=core2 -march=core2 -c t-divis.c
/bin/sh ../../libtool --tag=CC   --mode=link gcc -std=gnu99  -O2 -pedantic -m64 -mtune=core2 -march=core2   -o t-divis t-divis.o ../../tests/libtests.la ../../libgmp.la 
libtool: link: gcc -std=gnu99 -O2 -pedantic -m64 -mtune=core2 -march=core2 -o .libs/t-divis t-divis.o  ../../tests/.libs/libtests.a /Users/fe/Projects/osx/gmp-5.0.1/.libs/libgmp.dylib ../../.libs/libgmp.dylib
gcc -std=gnu99 -DHAVE_CONFIG_H -I. -I../.. -I../.. -I../../tests    -O2 -pedantic -m64 -mtune=core2 -march=core2 -c t-divis_2exp.c
/bin/sh ../../libtool --tag=CC   --mode=link gcc -std=gnu99  -O2 -pedantic -m64 -mtune=core2 -march=core2   -o t-divis_2exp t-divis_2exp.o ../../tests/libtests.la ../../libgmp.la 
libtool: link: gcc -std=gnu99 -O2 -pedantic -m64 -mtune=core2 -march=core2 -o .libs/t-divis_2exp t-divis_2exp.o  ../../tests/.libs/libtests.a /Users/fe/Projects/osx/gmp-5.0.1/.libs/libgmp.dylib ../../.libs/libgmp.dylib
gcc -std=gnu99 -DHAVE_CONFIG_H -I. -I../.. -I../.. -I../../tests    -O2 -pedantic -m64 -mtune=core2 -march=core2 -c t-cong.c
/bin/sh ../../libtool --tag=CC   --mode=link gcc -std=gnu99  -O2 -pedantic -m64 -mtune=core2 -march=core2   -o t-cong t-cong.o ../../tests/libtests.la ../../libgmp.la 
libtool: link: gcc -std=gnu99 -O2 -pedantic -m64 -mtune=core2 -march=core2 -o .libs/t-cong t-cong.o  ../../tests/.libs/libtests.a /Users/fe/Projects/osx/gmp-5.0.1/.libs/libgmp.dylib ../../.libs/libgmp.dylib
gcc -std=gnu99 -DHAVE_CONFIG_H -I. -I../.. -I../.. -I../../tests    -O2 -pedantic -m64 -mtune=core2 -march=core2 -c t-cong_2exp.c
/bin/sh ../../libtool --tag=CC   --mode=link gcc -std=gnu99  -O2 -pedantic -m64 -mtune=core2 -march=core2   -o t-cong_2exp t-cong_2exp.o ../../tests/libtests.la ../../libgmp.la 
libtool: link: gcc -std=gnu99 -O2 -pedantic -m64 -mtune=core2 -march=core2 -o .libs/t-cong_2exp t-cong_2exp.o  ../../tests/.libs/libtests.a /Users/fe/Projects/osx/gmp-5.0.1/.libs/libgmp.dylib ../../.libs/libgmp.dylib
gcc -std=gnu99 -DHAVE_CONFIG_H -I. -I../.. -I../.. -I../../tests    -O2 -pedantic -m64 -mtune=core2 -march=core2 -c t-sizeinbase.c
/bin/sh ../../libtool --tag=CC   --mode=link gcc -std=gnu99  -O2 -pedantic -m64 -mtune=core2 -march=core2   -o t-sizeinbase t-sizeinbase.o ../../tests/libtests.la ../../libgmp.la 
libtool: link: gcc -std=gnu99 -O2 -pedantic -m64 -mtune=core2 -march=core2 -o .libs/t-sizeinbase t-sizeinbase.o  ../../tests/.libs/libtests.a /Users/fe/Projects/osx/gmp-5.0.1/.libs/libgmp.dylib ../../.libs/libgmp.dylib
gcc -std=gnu99 -DHAVE_CONFIG_H -I. -I../.. -I../.. -I../../tests    -O2 -pedantic -m64 -mtune=core2 -march=core2 -c t-set_str.c
/bin/sh ../../libtool --tag=CC   --mode=link gcc -std=gnu99  -O2 -pedantic -m64 -mtune=core2 -march=core2   -o t-set_str t-set_str.o ../../tests/libtests.la ../../libgmp.la 
libtool: link: gcc -std=gnu99 -O2 -pedantic -m64 -mtune=core2 -march=core2 -o .libs/t-set_str t-set_str.o  ../../tests/.libs/libtests.a /Users/fe/Projects/osx/gmp-5.0.1/.libs/libgmp.dylib ../../.libs/libgmp.dylib
gcc -std=gnu99 -DHAVE_CONFIG_H -I. -I../.. -I../.. -I../../tests    -O2 -pedantic -m64 -mtune=core2 -march=core2 -c t-aorsmul.c
/bin/sh ../../libtool --tag=CC   --mode=link gcc -std=gnu99  -O2 -pedantic -m64 -mtune=core2 -march=core2   -o t-aorsmul t-aorsmul.o ../../tests/libtests.la ../../libgmp.la 
libtool: link: gcc -std=gnu99 -O2 -pedantic -m64 -mtune=core2 -march=core2 -o .libs/t-aorsmul t-aorsmul.o  ../../tests/.libs/libtests.a /Users/fe/Projects/osx/gmp-5.0.1/.libs/libgmp.dylib ../../.libs/libgmp.dylib
gcc -std=gnu99 -DHAVE_CONFIG_H -I. -I../.. -I../.. -I../../tests    -O2 -pedantic -m64 -mtune=core2 -march=core2 -c t-cmp_d.c
/bin/sh ../../libtool --tag=CC   --mode=link gcc -std=gnu99  -O2 -pedantic -m64 -mtune=core2 -march=core2   -o t-cmp_d t-cmp_d.o ../../tests/libtests.la ../../libgmp.la 
libtool: link: gcc -std=gnu99 -O2 -pedantic -m64 -mtune=core2 -march=core2 -o .libs/t-cmp_d t-cmp_d.o  ../../tests/.libs/libtests.a /Users/fe/Projects/osx/gmp-5.0.1/.libs/libgmp.dylib ../../.libs/libgmp.dylib
gcc -std=gnu99 -DHAVE_CONFIG_H -I. -I../.. -I../.. -I../../tests    -O2 -pedantic -m64 -mtune=core2 -march=core2 -c t-cmp_si.c
/bin/sh ../../libtool --tag=CC   --mode=link gcc -std=gnu99  -O2 -pedantic -m64 -mtune=core2 -march=core2   -o t-cmp_si t-cmp_si.o ../../tests/libtests.la ../../libgmp.la 
libtool: link: gcc -std=gnu99 -O2 -pedantic -m64 -mtune=core2 -march=core2 -o .libs/t-cmp_si t-cmp_si.o  ../../tests/.libs/libtests.a /Users/fe/Projects/osx/gmp-5.0.1/.libs/libgmp.dylib ../../.libs/libgmp.dylib
gcc -std=gnu99 -DHAVE_CONFIG_H -I. -I../.. -I../.. -I../../tests    -O2 -pedantic -m64 -mtune=core2 -march=core2 -c t-hamdist.c
/bin/sh ../../libtool --tag=CC   --mode=link gcc -std=gnu99  -O2 -pedantic -m64 -mtune=core2 -march=core2   -o t-hamdist t-hamdist.o ../../tests/libtests.la ../../libgmp.la 
libtool: link: gcc -std=gnu99 -O2 -pedantic -m64 -mtune=core2 -march=core2 -o .libs/t-hamdist t-hamdist.o  ../../tests/.libs/libtests.a /Users/fe/Projects/osx/gmp-5.0.1/.libs/libgmp.dylib ../../.libs/libgmp.dylib
gcc -std=gnu99 -DHAVE_CONFIG_H -I. -I../.. -I../.. -I../../tests    -O2 -pedantic -m64 -mtune=core2 -march=core2 -c t-oddeven.c
/bin/sh ../../libtool --tag=CC   --mode=link gcc -std=gnu99  -O2 -pedantic -m64 -mtune=core2 -march=core2   -o t-oddeven t-oddeven.o ../../tests/libtests.la ../../libgmp.la 
libtool: link: gcc -std=gnu99 -O2 -pedantic -m64 -mtune=core2 -march=core2 -o .libs/t-oddeven t-oddeven.o  ../../tests/.libs/libtests.a /Users/fe/Projects/osx/gmp-5.0.1/.libs/libgmp.dylib ../../.libs/libgmp.dylib
gcc -std=gnu99 -DHAVE_CONFIG_H -I. -I../.. -I../.. -I../../tests    -O2 -pedantic -m64 -mtune=core2 -march=core2 -c t-popcount.c
/bin/sh ../../libtool --tag=CC   --mode=link gcc -std=gnu99  -O2 -pedantic -m64 -mtune=core2 -march=core2   -o t-popcount t-popcount.o ../../tests/libtests.la ../../libgmp.la 
libtool: link: gcc -std=gnu99 -O2 -pedantic -m64 -mtune=core2 -march=core2 -o .libs/t-popcount t-popcount.o  ../../tests/.libs/libtests.a /Users/fe/Projects/osx/gmp-5.0.1/.libs/libgmp.dylib ../../.libs/libgmp.dylib
gcc -std=gnu99 -DHAVE_CONFIG_H -I. -I../.. -I../.. -I../../tests    -O2 -pedantic -m64 -mtune=core2 -march=core2 -c t-set_f.c
/bin/sh ../../libtool --tag=CC   --mode=link gcc -std=gnu99  -O2 -pedantic -m64 -mtune=core2 -march=core2   -o t-set_f t-set_f.o ../../tests/libtests.la ../../libgmp.la 
libtool: link: gcc -std=gnu99 -O2 -pedantic -m64 -mtune=core2 -march=core2 -o .libs/t-set_f t-set_f.o  ../../tests/.libs/libtests.a /Users/fe/Projects/osx/gmp-5.0.1/.libs/libgmp.dylib ../../.libs/libgmp.dylib
gcc -std=gnu99 -DHAVE_CONFIG_H -I. -I../.. -I../.. -I../../tests    -O2 -pedantic -m64 -mtune=core2 -march=core2 -c t-io_raw.c
/bin/sh ../../libtool --tag=CC   --mode=link gcc -std=gnu99  -O2 -pedantic -m64 -mtune=core2 -march=core2   -o t-io_raw t-io_raw.o ../../tests/libtests.la ../../libgmp.la 
libtool: link: gcc -std=gnu99 -O2 -pedantic -m64 -mtune=core2 -march=core2 -o .libs/t-io_raw t-io_raw.o  ../../tests/.libs/libtests.a /Users/fe/Projects/osx/gmp-5.0.1/.libs/libgmp.dylib ../../.libs/libgmp.dylib
gcc -std=gnu99 -DHAVE_CONFIG_H -I. -I../.. -I../.. -I../../tests    -O2 -pedantic -m64 -mtune=core2 -march=core2 -c t-import.c
/bin/sh ../../libtool --tag=CC   --mode=link gcc -std=gnu99  -O2 -pedantic -m64 -mtune=core2 -march=core2   -o t-import t-import.o ../../tests/libtests.la ../../libgmp.la 
libtool: link: gcc -std=gnu99 -O2 -pedantic -m64 -mtune=core2 -march=core2 -o .libs/t-import t-import.o  ../../tests/.libs/libtests.a /Users/fe/Projects/osx/gmp-5.0.1/.libs/libgmp.dylib ../../.libs/libgmp.dylib
gcc -std=gnu99 -DHAVE_CONFIG_H -I. -I../.. -I../.. -I../../tests    -O2 -pedantic -m64 -mtune=core2 -march=core2 -c t-export.c
/bin/sh ../../libtool --tag=CC   --mode=link gcc -std=gnu99  -O2 -pedantic -m64 -mtune=core2 -march=core2   -o t-export t-export.o ../../tests/libtests.la ../../libgmp.la 
libtool: link: gcc -std=gnu99 -O2 -pedantic -m64 -mtune=core2 -march=core2 -o .libs/t-export t-export.o  ../../tests/.libs/libtests.a /Users/fe/Projects/osx/gmp-5.0.1/.libs/libgmp.dylib ../../.libs/libgmp.dylib
gcc -std=gnu99 -DHAVE_CONFIG_H -I. -I../.. -I../.. -I../../tests    -O2 -pedantic -m64 -mtune=core2 -march=core2 -c t-pprime_p.c
/bin/sh ../../libtool --tag=CC   --mode=link gcc -std=gnu99  -O2 -pedantic -m64 -mtune=core2 -march=core2   -o t-pprime_p t-pprime_p.o ../../tests/libtests.la ../../libgmp.la 
libtool: link: gcc -std=gnu99 -O2 -pedantic -m64 -mtune=core2 -march=core2 -o .libs/t-pprime_p t-pprime_p.o  ../../tests/.libs/libtests.a /Users/fe/Projects/osx/gmp-5.0.1/.libs/libgmp.dylib ../../.libs/libgmp.dylib
gcc -std=gnu99 -DHAVE_CONFIG_H -I. -I../.. -I../.. -I../../tests    -O2 -pedantic -m64 -mtune=core2 -march=core2 -c t-nextprime.c
/bin/sh ../../libtool --tag=CC   --mode=link gcc -std=gnu99  -O2 -pedantic -m64 -mtune=core2 -march=core2   -o t-nextprime t-nextprime.o ../../tests/libtests.la ../../libgmp.la 
libtool: link: gcc -std=gnu99 -O2 -pedantic -m64 -mtune=core2 -march=core2 -o .libs/t-nextprime t-nextprime.o  ../../tests/.libs/libtests.a /Users/fe/Projects/osx/gmp-5.0.1/.libs/libgmp.dylib ../../.libs/libgmp.dylib
make  check-TESTS
PASS: t-addsub
PASS: t-cmp
PASS: t-mul
PASS: t-mul_i
PASS: t-tdiv
PASS: t-tdiv_ui
PASS: t-fdiv
PASS: t-fdiv_ui
PASS: t-cdiv_ui
PASS: t-gcd
PASS: t-gcd_ui
PASS: t-lcm
PASS: dive
PASS: dive_ui
PASS: t-sqrtrem
PASS: convert
PASS: io
PASS: t-inp_str
PASS: logic
PASS: bit
PASS: t-powm
PASS: t-powm_ui
PASS: t-pow
PASS: t-div_2exp
PASS: reuse
PASS: t-root
PASS: t-perfsqr
PASS: t-perfpow
PASS: t-jac
PASS: t-bin
PASS: t-get_d
PASS: t-get_d_2exp
PASS: t-get_si
PASS: t-set_d
PASS: t-set_si
PASS: t-fac_ui
PASS: t-fib_ui
PASS: t-lucnum_ui
PASS: t-scan
PASS: t-fits
PASS: t-divis
PASS: t-divis_2exp
PASS: t-cong
PASS: t-cong_2exp
PASS: t-sizeinbase
PASS: t-set_str
PASS: t-aorsmul
PASS: t-cmp_d
PASS: t-cmp_si
PASS: t-hamdist
PASS: t-oddeven
PASS: t-popcount
PASS: t-set_f
PASS: t-io_raw
PASS: t-import
PASS: t-export
PASS: t-pprime_p
PASS: t-nextprime
===================
All 58 tests passed
===================
Making check in mpq
make  t-aors t-cmp t-cmp_ui t-cmp_si t-equal t-get_d t-get_str t-inp_str t-md_2exp t-set_f t-set_str
gcc -std=gnu99 -DHAVE_CONFIG_H -I. -I../.. -I../.. -I../../tests    -O2 -pedantic -m64 -mtune=core2 -march=core2 -c t-aors.c
/bin/sh ../../libtool --tag=CC   --mode=link gcc -std=gnu99  -O2 -pedantic -m64 -mtune=core2 -march=core2   -o t-aors t-aors.o ../../tests/libtests.la ../../libgmp.la 
libtool: link: gcc -std=gnu99 -O2 -pedantic -m64 -mtune=core2 -march=core2 -o .libs/t-aors t-aors.o  ../../tests/.libs/libtests.a /Users/fe/Projects/osx/gmp-5.0.1/.libs/libgmp.dylib ../../.libs/libgmp.dylib
gcc -std=gnu99 -DHAVE_CONFIG_H -I. -I../.. -I../.. -I../../tests    -O2 -pedantic -m64 -mtune=core2 -march=core2 -c t-cmp.c
/bin/sh ../../libtool --tag=CC   --mode=link gcc -std=gnu99  -O2 -pedantic -m64 -mtune=core2 -march=core2   -o t-cmp t-cmp.o ../../tests/libtests.la ../../libgmp.la 
libtool: link: gcc -std=gnu99 -O2 -pedantic -m64 -mtune=core2 -march=core2 -o .libs/t-cmp t-cmp.o  ../../tests/.libs/libtests.a /Users/fe/Projects/osx/gmp-5.0.1/.libs/libgmp.dylib ../../.libs/libgmp.dylib
gcc -std=gnu99 -DHAVE_CONFIG_H -I. -I../.. -I../.. -I../../tests    -O2 -pedantic -m64 -mtune=core2 -march=core2 -c t-cmp_ui.c
/bin/sh ../../libtool --tag=CC   --mode=link gcc -std=gnu99  -O2 -pedantic -m64 -mtune=core2 -march=core2   -o t-cmp_ui t-cmp_ui.o ../../tests/libtests.la ../../libgmp.la 
libtool: link: gcc -std=gnu99 -O2 -pedantic -m64 -mtune=core2 -march=core2 -o .libs/t-cmp_ui t-cmp_ui.o  ../../tests/.libs/libtests.a /Users/fe/Projects/osx/gmp-5.0.1/.libs/libgmp.dylib ../../.libs/libgmp.dylib
gcc -std=gnu99 -DHAVE_CONFIG_H -I. -I../.. -I../.. -I../../tests    -O2 -pedantic -m64 -mtune=core2 -march=core2 -c t-cmp_si.c
/bin/sh ../../libtool --tag=CC   --mode=link gcc -std=gnu99  -O2 -pedantic -m64 -mtune=core2 -march=core2   -o t-cmp_si t-cmp_si.o ../../tests/libtests.la ../../libgmp.la 
libtool: link: gcc -std=gnu99 -O2 -pedantic -m64 -mtune=core2 -march=core2 -o .libs/t-cmp_si t-cmp_si.o  ../../tests/.libs/libtests.a /Users/fe/Projects/osx/gmp-5.0.1/.libs/libgmp.dylib ../../.libs/libgmp.dylib
gcc -std=gnu99 -DHAVE_CONFIG_H -I. -I../.. -I../.. -I../../tests    -O2 -pedantic -m64 -mtune=core2 -march=core2 -c t-equal.c
/bin/sh ../../libtool --tag=CC   --mode=link gcc -std=gnu99  -O2 -pedantic -m64 -mtune=core2 -march=core2   -o t-equal t-equal.o ../../tests/libtests.la ../../libgmp.la 
libtool: link: gcc -std=gnu99 -O2 -pedantic -m64 -mtune=core2 -march=core2 -o .libs/t-equal t-equal.o  ../../tests/.libs/libtests.a /Users/fe/Projects/osx/gmp-5.0.1/.libs/libgmp.dylib ../../.libs/libgmp.dylib
gcc -std=gnu99 -DHAVE_CONFIG_H -I. -I../.. -I../.. -I../../tests    -O2 -pedantic -m64 -mtune=core2 -march=core2 -c t-get_d.c
/bin/sh ../../libtool --tag=CC   --mode=link gcc -std=gnu99  -O2 -pedantic -m64 -mtune=core2 -march=core2   -o t-get_d t-get_d.o ../../tests/libtests.la ../../libgmp.la 
libtool: link: gcc -std=gnu99 -O2 -pedantic -m64 -mtune=core2 -march=core2 -o .libs/t-get_d t-get_d.o  ../../tests/.libs/libtests.a /Users/fe/Projects/osx/gmp-5.0.1/.libs/libgmp.dylib ../../.libs/libgmp.dylib
gcc -std=gnu99 -DHAVE_CONFIG_H -I. -I../.. -I../.. -I../../tests    -O2 -pedantic -m64 -mtune=core2 -march=core2 -c t-get_str.c
/bin/sh ../../libtool --tag=CC   --mode=link gcc -std=gnu99  -O2 -pedantic -m64 -mtune=core2 -march=core2   -o t-get_str t-get_str.o ../../tests/libtests.la ../../libgmp.la 
libtool: link: gcc -std=gnu99 -O2 -pedantic -m64 -mtune=core2 -march=core2 -o .libs/t-get_str t-get_str.o  ../../tests/.libs/libtests.a /Users/fe/Projects/osx/gmp-5.0.1/.libs/libgmp.dylib ../../.libs/libgmp.dylib
gcc -std=gnu99 -DHAVE_CONFIG_H -I. -I../.. -I../.. -I../../tests    -O2 -pedantic -m64 -mtune=core2 -march=core2 -c t-inp_str.c
/bin/sh ../../libtool --tag=CC   --mode=link gcc -std=gnu99  -O2 -pedantic -m64 -mtune=core2 -march=core2   -o t-inp_str t-inp_str.o ../../tests/libtests.la ../../libgmp.la 
libtool: link: gcc -std=gnu99 -O2 -pedantic -m64 -mtune=core2 -march=core2 -o .libs/t-inp_str t-inp_str.o  ../../tests/.libs/libtests.a /Users/fe/Projects/osx/gmp-5.0.1/.libs/libgmp.dylib ../../.libs/libgmp.dylib
gcc -std=gnu99 -DHAVE_CONFIG_H -I. -I../.. -I../.. -I../../tests    -O2 -pedantic -m64 -mtune=core2 -march=core2 -c t-md_2exp.c
/bin/sh ../../libtool --tag=CC   --mode=link gcc -std=gnu99  -O2 -pedantic -m64 -mtune=core2 -march=core2   -o t-md_2exp t-md_2exp.o ../../tests/libtests.la ../../libgmp.la 
libtool: link: gcc -std=gnu99 -O2 -pedantic -m64 -mtune=core2 -march=core2 -o .libs/t-md_2exp t-md_2exp.o  ../../tests/.libs/libtests.a /Users/fe/Projects/osx/gmp-5.0.1/.libs/libgmp.dylib ../../.libs/libgmp.dylib
gcc -std=gnu99 -DHAVE_CONFIG_H -I. -I../.. -I../.. -I../../tests    -O2 -pedantic -m64 -mtune=core2 -march=core2 -c t-set_f.c
/bin/sh ../../libtool --tag=CC   --mode=link gcc -std=gnu99  -O2 -pedantic -m64 -mtune=core2 -march=core2   -o t-set_f t-set_f.o ../../tests/libtests.la ../../libgmp.la 
libtool: link: gcc -std=gnu99 -O2 -pedantic -m64 -mtune=core2 -march=core2 -o .libs/t-set_f t-set_f.o  ../../tests/.libs/libtests.a /Users/fe/Projects/osx/gmp-5.0.1/.libs/libgmp.dylib ../../.libs/libgmp.dylib
gcc -std=gnu99 -DHAVE_CONFIG_H -I. -I../.. -I../.. -I../../tests    -O2 -pedantic -m64 -mtune=core2 -march=core2 -c t-set_str.c
/bin/sh ../../libtool --tag=CC   --mode=link gcc -std=gnu99  -O2 -pedantic -m64 -mtune=core2 -march=core2   -o t-set_str t-set_str.o ../../tests/libtests.la ../../libgmp.la 
libtool: link: gcc -std=gnu99 -O2 -pedantic -m64 -mtune=core2 -march=core2 -o .libs/t-set_str t-set_str.o  ../../tests/.libs/libtests.a /Users/fe/Projects/osx/gmp-5.0.1/.libs/libgmp.dylib ../../.libs/libgmp.dylib
make  check-TESTS
PASS: t-aors
PASS: t-cmp
PASS: t-cmp_ui
PASS: t-cmp_si
PASS: t-equal
PASS: t-get_d
PASS: t-get_str
PASS: t-inp_str
PASS: t-md_2exp
PASS: t-set_f
PASS: t-set_str
===================
All 11 tests passed
===================
Making check in mpf
make  t-add t-sub t-conv t-sqrt t-sqrt_ui t-muldiv t-dm2exp reuse t-cmp_d t-cmp_si t-div t-fits t-get_d t-get_d_2exp t-get_si t-get_ui t-gsprec t-inp_str t-int_p t-mul_ui t-set t-set_q t-set_si t-set_ui t-trunc t-ui_div t-eq
gcc -std=gnu99 -DHAVE_CONFIG_H -I. -I../.. -I../.. -I../../tests    -O2 -pedantic -m64 -mtune=core2 -march=core2 -c t-add.c
/bin/sh ../../libtool --tag=CC   --mode=link gcc -std=gnu99  -O2 -pedantic -m64 -mtune=core2 -march=core2   -o t-add t-add.o ../../tests/libtests.la ../../libgmp.la 
libtool: link: gcc -std=gnu99 -O2 -pedantic -m64 -mtune=core2 -march=core2 -o .libs/t-add t-add.o  ../../tests/.libs/libtests.a /Users/fe/Projects/osx/gmp-5.0.1/.libs/libgmp.dylib ../../.libs/libgmp.dylib
gcc -std=gnu99 -DHAVE_CONFIG_H -I. -I../.. -I../.. -I../../tests    -O2 -pedantic -m64 -mtune=core2 -march=core2 -c t-sub.c
/bin/sh ../../libtool --tag=CC   --mode=link gcc -std=gnu99  -O2 -pedantic -m64 -mtune=core2 -march=core2   -o t-sub t-sub.o ../../tests/libtests.la ../../libgmp.la 
libtool: link: gcc -std=gnu99 -O2 -pedantic -m64 -mtune=core2 -march=core2 -o .libs/t-sub t-sub.o  ../../tests/.libs/libtests.a /Users/fe/Projects/osx/gmp-5.0.1/.libs/libgmp.dylib ../../.libs/libgmp.dylib
gcc -std=gnu99 -DHAVE_CONFIG_H -I. -I../.. -I../.. -I../../tests    -O2 -pedantic -m64 -mtune=core2 -march=core2 -c t-conv.c
/bin/sh ../../libtool --tag=CC   --mode=link gcc -std=gnu99  -O2 -pedantic -m64 -mtune=core2 -march=core2   -o t-conv t-conv.o ../../tests/libtests.la ../../libgmp.la 
libtool: link: gcc -std=gnu99 -O2 -pedantic -m64 -mtune=core2 -march=core2 -o .libs/t-conv t-conv.o  ../../tests/.libs/libtests.a /Users/fe/Projects/osx/gmp-5.0.1/.libs/libgmp.dylib ../../.libs/libgmp.dylib
gcc -std=gnu99 -DHAVE_CONFIG_H -I. -I../.. -I../.. -I../../tests    -O2 -pedantic -m64 -mtune=core2 -march=core2 -c t-sqrt.c
/bin/sh ../../libtool --tag=CC   --mode=link gcc -std=gnu99  -O2 -pedantic -m64 -mtune=core2 -march=core2   -o t-sqrt t-sqrt.o ../../tests/libtests.la ../../libgmp.la 
libtool: link: gcc -std=gnu99 -O2 -pedantic -m64 -mtune=core2 -march=core2 -o .libs/t-sqrt t-sqrt.o  ../../tests/.libs/libtests.a /Users/fe/Projects/osx/gmp-5.0.1/.libs/libgmp.dylib ../../.libs/libgmp.dylib
gcc -std=gnu99 -DHAVE_CONFIG_H -I. -I../.. -I../.. -I../../tests    -O2 -pedantic -m64 -mtune=core2 -march=core2 -c t-sqrt_ui.c
/bin/sh ../../libtool --tag=CC   --mode=link gcc -std=gnu99  -O2 -pedantic -m64 -mtune=core2 -march=core2   -o t-sqrt_ui t-sqrt_ui.o ../../tests/libtests.la ../../libgmp.la 
libtool: link: gcc -std=gnu99 -O2 -pedantic -m64 -mtune=core2 -march=core2 -o .libs/t-sqrt_ui t-sqrt_ui.o  ../../tests/.libs/libtests.a /Users/fe/Projects/osx/gmp-5.0.1/.libs/libgmp.dylib ../../.libs/libgmp.dylib
gcc -std=gnu99 -DHAVE_CONFIG_H -I. -I../.. -I../.. -I../../tests    -O2 -pedantic -m64 -mtune=core2 -march=core2 -c t-muldiv.c
/bin/sh ../../libtool --tag=CC   --mode=link gcc -std=gnu99  -O2 -pedantic -m64 -mtune=core2 -march=core2   -o t-muldiv t-muldiv.o ../../tests/libtests.la ../../libgmp.la 
libtool: link: gcc -std=gnu99 -O2 -pedantic -m64 -mtune=core2 -march=core2 -o .libs/t-muldiv t-muldiv.o  ../../tests/.libs/libtests.a /Users/fe/Projects/osx/gmp-5.0.1/.libs/libgmp.dylib ../../.libs/libgmp.dylib
gcc -std=gnu99 -DHAVE_CONFIG_H -I. -I../.. -I../.. -I../../tests    -O2 -pedantic -m64 -mtune=core2 -march=core2 -c t-dm2exp.c
/bin/sh ../../libtool --tag=CC   --mode=link gcc -std=gnu99  -O2 -pedantic -m64 -mtune=core2 -march=core2   -o t-dm2exp t-dm2exp.o ../../tests/libtests.la ../../libgmp.la 
libtool: link: gcc -std=gnu99 -O2 -pedantic -m64 -mtune=core2 -march=core2 -o .libs/t-dm2exp t-dm2exp.o  ../../tests/.libs/libtests.a /Users/fe/Projects/osx/gmp-5.0.1/.libs/libgmp.dylib ../../.libs/libgmp.dylib
gcc -std=gnu99 -DHAVE_CONFIG_H -I. -I../.. -I../.. -I../../tests    -O2 -pedantic -m64 -mtune=core2 -march=core2 -c reuse.c
/bin/sh ../../libtool --tag=CC   --mode=link gcc -std=gnu99  -O2 -pedantic -m64 -mtune=core2 -march=core2   -o reuse reuse.o ../../tests/libtests.la ../../libgmp.la 
libtool: link: gcc -std=gnu99 -O2 -pedantic -m64 -mtune=core2 -march=core2 -o .libs/reuse reuse.o  ../../tests/.libs/libtests.a /Users/fe/Projects/osx/gmp-5.0.1/.libs/libgmp.dylib ../../.libs/libgmp.dylib
gcc -std=gnu99 -DHAVE_CONFIG_H -I. -I../.. -I../.. -I../../tests    -O2 -pedantic -m64 -mtune=core2 -march=core2 -c t-cmp_d.c
/bin/sh ../../libtool --tag=CC   --mode=link gcc -std=gnu99  -O2 -pedantic -m64 -mtune=core2 -march=core2   -o t-cmp_d t-cmp_d.o ../../tests/libtests.la ../../libgmp.la 
libtool: link: gcc -std=gnu99 -O2 -pedantic -m64 -mtune=core2 -march=core2 -o .libs/t-cmp_d t-cmp_d.o  ../../tests/.libs/libtests.a /Users/fe/Projects/osx/gmp-5.0.1/.libs/libgmp.dylib ../../.libs/libgmp.dylib
gcc -std=gnu99 -DHAVE_CONFIG_H -I. -I../.. -I../.. -I../../tests    -O2 -pedantic -m64 -mtune=core2 -march=core2 -c t-cmp_si.c
/bin/sh ../../libtool --tag=CC   --mode=link gcc -std=gnu99  -O2 -pedantic -m64 -mtune=core2 -march=core2   -o t-cmp_si t-cmp_si.o ../../tests/libtests.la ../../libgmp.la 
libtool: link: gcc -std=gnu99 -O2 -pedantic -m64 -mtune=core2 -march=core2 -o .libs/t-cmp_si t-cmp_si.o  ../../tests/.libs/libtests.a /Users/fe/Projects/osx/gmp-5.0.1/.libs/libgmp.dylib ../../.libs/libgmp.dylib
gcc -std=gnu99 -DHAVE_CONFIG_H -I. -I../.. -I../.. -I../../tests    -O2 -pedantic -m64 -mtune=core2 -march=core2 -c t-div.c
/bin/sh ../../libtool --tag=CC   --mode=link gcc -std=gnu99  -O2 -pedantic -m64 -mtune=core2 -march=core2   -o t-div t-div.o ../../tests/libtests.la ../../libgmp.la 
libtool: link: gcc -std=gnu99 -O2 -pedantic -m64 -mtune=core2 -march=core2 -o .libs/t-div t-div.o  ../../tests/.libs/libtests.a /Users/fe/Projects/osx/gmp-5.0.1/.libs/libgmp.dylib ../../.libs/libgmp.dylib
gcc -std=gnu99 -DHAVE_CONFIG_H -I. -I../.. -I../.. -I../../tests    -O2 -pedantic -m64 -mtune=core2 -march=core2 -c t-fits.c
/bin/sh ../../libtool --tag=CC   --mode=link gcc -std=gnu99  -O2 -pedantic -m64 -mtune=core2 -march=core2   -o t-fits t-fits.o ../../tests/libtests.la ../../libgmp.la 
libtool: link: gcc -std=gnu99 -O2 -pedantic -m64 -mtune=core2 -march=core2 -o .libs/t-fits t-fits.o  ../../tests/.libs/libtests.a /Users/fe/Projects/osx/gmp-5.0.1/.libs/libgmp.dylib ../../.libs/libgmp.dylib
gcc -std=gnu99 -DHAVE_CONFIG_H -I. -I../.. -I../.. -I../../tests    -O2 -pedantic -m64 -mtune=core2 -march=core2 -c t-get_d.c
/bin/sh ../../libtool --tag=CC   --mode=link gcc -std=gnu99  -O2 -pedantic -m64 -mtune=core2 -march=core2   -o t-get_d t-get_d.o ../../tests/libtests.la ../../libgmp.la 
libtool: link: gcc -std=gnu99 -O2 -pedantic -m64 -mtune=core2 -march=core2 -o .libs/t-get_d t-get_d.o  ../../tests/.libs/libtests.a /Users/fe/Projects/osx/gmp-5.0.1/.libs/libgmp.dylib ../../.libs/libgmp.dylib
gcc -std=gnu99 -DHAVE_CONFIG_H -I. -I../.. -I../.. -I../../tests    -O2 -pedantic -m64 -mtune=core2 -march=core2 -c t-get_d_2exp.c
/bin/sh ../../libtool --tag=CC   --mode=link gcc -std=gnu99  -O2 -pedantic -m64 -mtune=core2 -march=core2   -o t-get_d_2exp t-get_d_2exp.o ../../tests/libtests.la ../../libgmp.la 
libtool: link: gcc -std=gnu99 -O2 -pedantic -m64 -mtune=core2 -march=core2 -o .libs/t-get_d_2exp t-get_d_2exp.o  ../../tests/.libs/libtests.a /Users/fe/Projects/osx/gmp-5.0.1/.libs/libgmp.dylib ../../.libs/libgmp.dylib
gcc -std=gnu99 -DHAVE_CONFIG_H -I. -I../.. -I../.. -I../../tests    -O2 -pedantic -m64 -mtune=core2 -march=core2 -c t-get_si.c
/bin/sh ../../libtool --tag=CC   --mode=link gcc -std=gnu99  -O2 -pedantic -m64 -mtune=core2 -march=core2   -o t-get_si t-get_si.o ../../tests/libtests.la ../../libgmp.la 
libtool: link: gcc -std=gnu99 -O2 -pedantic -m64 -mtune=core2 -march=core2 -o .libs/t-get_si t-get_si.o  ../../tests/.libs/libtests.a /Users/fe/Projects/osx/gmp-5.0.1/.libs/libgmp.dylib ../../.libs/libgmp.dylib
gcc -std=gnu99 -DHAVE_CONFIG_H -I. -I../.. -I../.. -I../../tests    -O2 -pedantic -m64 -mtune=core2 -march=core2 -c t-get_ui.c
/bin/sh ../../libtool --tag=CC   --mode=link gcc -std=gnu99  -O2 -pedantic -m64 -mtune=core2 -march=core2   -o t-get_ui t-get_ui.o ../../tests/libtests.la ../../libgmp.la 
libtool: link: gcc -std=gnu99 -O2 -pedantic -m64 -mtune=core2 -march=core2 -o .libs/t-get_ui t-get_ui.o  ../../tests/.libs/libtests.a /Users/fe/Projects/osx/gmp-5.0.1/.libs/libgmp.dylib ../../.libs/libgmp.dylib
gcc -std=gnu99 -DHAVE_CONFIG_H -I. -I../.. -I../.. -I../../tests    -O2 -pedantic -m64 -mtune=core2 -march=core2 -c t-gsprec.c
/bin/sh ../../libtool --tag=CC   --mode=link gcc -std=gnu99  -O2 -pedantic -m64 -mtune=core2 -march=core2   -o t-gsprec t-gsprec.o ../../tests/libtests.la ../../libgmp.la 
libtool: link: gcc -std=gnu99 -O2 -pedantic -m64 -mtune=core2 -march=core2 -o .libs/t-gsprec t-gsprec.o  ../../tests/.libs/libtests.a /Users/fe/Projects/osx/gmp-5.0.1/.libs/libgmp.dylib ../../.libs/libgmp.dylib
gcc -std=gnu99 -DHAVE_CONFIG_H -I. -I../.. -I../.. -I../../tests    -O2 -pedantic -m64 -mtune=core2 -march=core2 -c t-inp_str.c
/bin/sh ../../libtool --tag=CC   --mode=link gcc -std=gnu99  -O2 -pedantic -m64 -mtune=core2 -march=core2   -o t-inp_str t-inp_str.o ../../tests/libtests.la ../../libgmp.la 
libtool: link: gcc -std=gnu99 -O2 -pedantic -m64 -mtune=core2 -march=core2 -o .libs/t-inp_str t-inp_str.o  ../../tests/.libs/libtests.a /Users/fe/Projects/osx/gmp-5.0.1/.libs/libgmp.dylib ../../.libs/libgmp.dylib
gcc -std=gnu99 -DHAVE_CONFIG_H -I. -I../.. -I../.. -I../../tests    -O2 -pedantic -m64 -mtune=core2 -march=core2 -c t-int_p.c
/bin/sh ../../libtool --tag=CC   --mode=link gcc -std=gnu99  -O2 -pedantic -m64 -mtune=core2 -march=core2   -o t-int_p t-int_p.o ../../tests/libtests.la ../../libgmp.la 
libtool: link: gcc -std=gnu99 -O2 -pedantic -m64 -mtune=core2 -march=core2 -o .libs/t-int_p t-int_p.o  ../../tests/.libs/libtests.a /Users/fe/Projects/osx/gmp-5.0.1/.libs/libgmp.dylib ../../.libs/libgmp.dylib
gcc -std=gnu99 -DHAVE_CONFIG_H -I. -I../.. -I../.. -I../../tests    -O2 -pedantic -m64 -mtune=core2 -march=core2 -c t-mul_ui.c
/bin/sh ../../libtool --tag=CC   --mode=link gcc -std=gnu99  -O2 -pedantic -m64 -mtune=core2 -march=core2   -o t-mul_ui t-mul_ui.o ../../tests/libtests.la ../../libgmp.la 
libtool: link: gcc -std=gnu99 -O2 -pedantic -m64 -mtune=core2 -march=core2 -o .libs/t-mul_ui t-mul_ui.o  ../../tests/.libs/libtests.a /Users/fe/Projects/osx/gmp-5.0.1/.libs/libgmp.dylib ../../.libs/libgmp.dylib
gcc -std=gnu99 -DHAVE_CONFIG_H -I. -I../.. -I../.. -I../../tests    -O2 -pedantic -m64 -mtune=core2 -march=core2 -c t-set.c
/bin/sh ../../libtool --tag=CC   --mode=link gcc -std=gnu99  -O2 -pedantic -m64 -mtune=core2 -march=core2   -o t-set t-set.o ../../tests/libtests.la ../../libgmp.la 
libtool: link: gcc -std=gnu99 -O2 -pedantic -m64 -mtune=core2 -march=core2 -o .libs/t-set t-set.o  ../../tests/.libs/libtests.a /Users/fe/Projects/osx/gmp-5.0.1/.libs/libgmp.dylib ../../.libs/libgmp.dylib
gcc -std=gnu99 -DHAVE_CONFIG_H -I. -I../.. -I../.. -I../../tests    -O2 -pedantic -m64 -mtune=core2 -march=core2 -c t-set_q.c
/bin/sh ../../libtool --tag=CC   --mode=link gcc -std=gnu99  -O2 -pedantic -m64 -mtune=core2 -march=core2   -o t-set_q t-set_q.o ../../tests/libtests.la ../../libgmp.la 
libtool: link: gcc -std=gnu99 -O2 -pedantic -m64 -mtune=core2 -march=core2 -o .libs/t-set_q t-set_q.o  ../../tests/.libs/libtests.a /Users/fe/Projects/osx/gmp-5.0.1/.libs/libgmp.dylib ../../.libs/libgmp.dylib
gcc -std=gnu99 -DHAVE_CONFIG_H -I. -I../.. -I../.. -I../../tests    -O2 -pedantic -m64 -mtune=core2 -march=core2 -c t-set_si.c
/bin/sh ../../libtool --tag=CC   --mode=link gcc -std=gnu99  -O2 -pedantic -m64 -mtune=core2 -march=core2   -o t-set_si t-set_si.o ../../tests/libtests.la ../../libgmp.la 
libtool: link: gcc -std=gnu99 -O2 -pedantic -m64 -mtune=core2 -march=core2 -o .libs/t-set_si t-set_si.o  ../../tests/.libs/libtests.a /Users/fe/Projects/osx/gmp-5.0.1/.libs/libgmp.dylib ../../.libs/libgmp.dylib
gcc -std=gnu99 -DHAVE_CONFIG_H -I. -I../.. -I../.. -I../../tests    -O2 -pedantic -m64 -mtune=core2 -march=core2 -c t-set_ui.c
/bin/sh ../../libtool --tag=CC   --mode=link gcc -std=gnu99  -O2 -pedantic -m64 -mtune=core2 -march=core2   -o t-set_ui t-set_ui.o ../../tests/libtests.la ../../libgmp.la 
libtool: link: gcc -std=gnu99 -O2 -pedantic -m64 -mtune=core2 -march=core2 -o .libs/t-set_ui t-set_ui.o  ../../tests/.libs/libtests.a /Users/fe/Projects/osx/gmp-5.0.1/.libs/libgmp.dylib ../../.libs/libgmp.dylib
gcc -std=gnu99 -DHAVE_CONFIG_H -I. -I../.. -I../.. -I../../tests    -O2 -pedantic -m64 -mtune=core2 -march=core2 -c t-trunc.c
/bin/sh ../../libtool --tag=CC   --mode=link gcc -std=gnu99  -O2 -pedantic -m64 -mtune=core2 -march=core2   -o t-trunc t-trunc.o ../../tests/libtests.la ../../libgmp.la 
libtool: link: gcc -std=gnu99 -O2 -pedantic -m64 -mtune=core2 -march=core2 -o .libs/t-trunc t-trunc.o  ../../tests/.libs/libtests.a /Users/fe/Projects/osx/gmp-5.0.1/.libs/libgmp.dylib ../../.libs/libgmp.dylib
gcc -std=gnu99 -DHAVE_CONFIG_H -I. -I../.. -I../.. -I../../tests    -O2 -pedantic -m64 -mtune=core2 -march=core2 -c t-ui_div.c
/bin/sh ../../libtool --tag=CC   --mode=link gcc -std=gnu99  -O2 -pedantic -m64 -mtune=core2 -march=core2   -o t-ui_div t-ui_div.o ../../tests/libtests.la ../../libgmp.la 
libtool: link: gcc -std=gnu99 -O2 -pedantic -m64 -mtune=core2 -march=core2 -o .libs/t-ui_div t-ui_div.o  ../../tests/.libs/libtests.a /Users/fe/Projects/osx/gmp-5.0.1/.libs/libgmp.dylib ../../.libs/libgmp.dylib
gcc -std=gnu99 -DHAVE_CONFIG_H -I. -I../.. -I../.. -I../../tests    -O2 -pedantic -m64 -mtune=core2 -march=core2 -c t-eq.c
/bin/sh ../../libtool --tag=CC   --mode=link gcc -std=gnu99  -O2 -pedantic -m64 -mtune=core2 -march=core2   -o t-eq t-eq.o ../../tests/libtests.la ../../libgmp.la 
libtool: link: gcc -std=gnu99 -O2 -pedantic -m64 -mtune=core2 -march=core2 -o .libs/t-eq t-eq.o  ../../tests/.libs/libtests.a /Users/fe/Projects/osx/gmp-5.0.1/.libs/libgmp.dylib ../../.libs/libgmp.dylib
make  check-TESTS
PASS: t-add
PASS: t-sub
PASS: t-conv
PASS: t-sqrt
PASS: t-sqrt_ui
PASS: t-muldiv
PASS: t-dm2exp
PASS: reuse
PASS: t-cmp_d
PASS: t-cmp_si
PASS: t-div
PASS: t-fits
PASS: t-get_d
PASS: t-get_d_2exp
PASS: t-get_si
PASS: t-get_ui
PASS: t-gsprec
PASS: t-inp_str
PASS: t-int_p
PASS: t-mul_ui
PASS: t-set
PASS: t-set_q
PASS: t-set_si
PASS: t-set_ui
PASS: t-trunc
PASS: t-ui_div
PASS: t-eq
===================
All 27 tests passed
===================
Making check in rand
make  t-iset t-lc2exp t-mt t-rand t-urbui t-urmui t-urndmm
gcc -std=gnu99 -DHAVE_CONFIG_H -I. -I../.. -I../.. -I../../tests    -O2 -pedantic -m64 -mtune=core2 -march=core2 -c t-iset.c
/bin/sh ../../libtool --tag=CC   --mode=link gcc -std=gnu99  -O2 -pedantic -m64 -mtune=core2 -march=core2   -o t-iset t-iset.o ../../tests/libtests.la ../../libgmp.la 
libtool: link: gcc -std=gnu99 -O2 -pedantic -m64 -mtune=core2 -march=core2 -o .libs/t-iset t-iset.o  ../../tests/.libs/libtests.a /Users/fe/Projects/osx/gmp-5.0.1/.libs/libgmp.dylib ../../.libs/libgmp.dylib
gcc -std=gnu99 -DHAVE_CONFIG_H -I. -I../.. -I../.. -I../../tests    -O2 -pedantic -m64 -mtune=core2 -march=core2 -c t-lc2exp.c
/bin/sh ../../libtool --tag=CC   --mode=link gcc -std=gnu99  -O2 -pedantic -m64 -mtune=core2 -march=core2   -o t-lc2exp t-lc2exp.o ../../tests/libtests.la ../../libgmp.la 
libtool: link: gcc -std=gnu99 -O2 -pedantic -m64 -mtune=core2 -march=core2 -o .libs/t-lc2exp t-lc2exp.o  ../../tests/.libs/libtests.a /Users/fe/Projects/osx/gmp-5.0.1/.libs/libgmp.dylib ../../.libs/libgmp.dylib
gcc -std=gnu99 -DHAVE_CONFIG_H -I. -I../.. -I../.. -I../../tests    -O2 -pedantic -m64 -mtune=core2 -march=core2 -c t-mt.c
/bin/sh ../../libtool --tag=CC   --mode=link gcc -std=gnu99  -O2 -pedantic -m64 -mtune=core2 -march=core2   -o t-mt t-mt.o ../../tests/libtests.la ../../libgmp.la 
libtool: link: gcc -std=gnu99 -O2 -pedantic -m64 -mtune=core2 -march=core2 -o .libs/t-mt t-mt.o  ../../tests/.libs/libtests.a /Users/fe/Projects/osx/gmp-5.0.1/.libs/libgmp.dylib ../../.libs/libgmp.dylib
gcc -std=gnu99 -DHAVE_CONFIG_H -I. -I../.. -I../.. -I../../tests    -O2 -pedantic -m64 -mtune=core2 -march=core2 -c t-rand.c
/bin/sh ../../libtool --tag=CC   --mode=link gcc -std=gnu99  -O2 -pedantic -m64 -mtune=core2 -march=core2   -o t-rand t-rand.o ../../tests/libtests.la ../../libgmp.la 
libtool: link: gcc -std=gnu99 -O2 -pedantic -m64 -mtune=core2 -march=core2 -o .libs/t-rand t-rand.o  ../../tests/.libs/libtests.a /Users/fe/Projects/osx/gmp-5.0.1/.libs/libgmp.dylib ../../.libs/libgmp.dylib
gcc -std=gnu99 -DHAVE_CONFIG_H -I. -I../.. -I../.. -I../../tests    -O2 -pedantic -m64 -mtune=core2 -march=core2 -c t-urbui.c
/bin/sh ../../libtool --tag=CC   --mode=link gcc -std=gnu99  -O2 -pedantic -m64 -mtune=core2 -march=core2   -o t-urbui t-urbui.o ../../tests/libtests.la ../../libgmp.la 
libtool: link: gcc -std=gnu99 -O2 -pedantic -m64 -mtune=core2 -march=core2 -o .libs/t-urbui t-urbui.o  ../../tests/.libs/libtests.a /Users/fe/Projects/osx/gmp-5.0.1/.libs/libgmp.dylib ../../.libs/libgmp.dylib
gcc -std=gnu99 -DHAVE_CONFIG_H -I. -I../.. -I../.. -I../../tests    -O2 -pedantic -m64 -mtune=core2 -march=core2 -c t-urmui.c
/bin/sh ../../libtool --tag=CC   --mode=link gcc -std=gnu99  -O2 -pedantic -m64 -mtune=core2 -march=core2   -o t-urmui t-urmui.o ../../tests/libtests.la ../../libgmp.la 
libtool: link: gcc -std=gnu99 -O2 -pedantic -m64 -mtune=core2 -march=core2 -o .libs/t-urmui t-urmui.o  ../../tests/.libs/libtests.a /Users/fe/Projects/osx/gmp-5.0.1/.libs/libgmp.dylib ../../.libs/libgmp.dylib
gcc -std=gnu99 -DHAVE_CONFIG_H -I. -I../.. -I../.. -I../../tests    -O2 -pedantic -m64 -mtune=core2 -march=core2 -c t-urndmm.c
/bin/sh ../../libtool --tag=CC   --mode=link gcc -std=gnu99  -O2 -pedantic -m64 -mtune=core2 -march=core2   -o t-urndmm t-urndmm.o ../../tests/libtests.la ../../libgmp.la 
libtool: link: gcc -std=gnu99 -O2 -pedantic -m64 -mtune=core2 -march=core2 -o .libs/t-urndmm t-urndmm.o  ../../tests/.libs/libtests.a /Users/fe/Projects/osx/gmp-5.0.1/.libs/libgmp.dylib ../../.libs/libgmp.dylib
make  check-TESTS
PASS: t-iset
PASS: t-lc2exp
PASS: t-mt
PASS: t-rand
PASS: t-urbui
PASS: t-urmui
PASS: t-urndmm
==================
All 7 tests passed
==================
Making check in misc
make  t-printf t-scanf t-locale
gcc -std=gnu99 -DHAVE_CONFIG_H -I. -I../.. -I../.. -I../../tests    -O2 -pedantic -m64 -mtune=core2 -march=core2 -c t-printf.c
/bin/sh ../../libtool --tag=CC   --mode=link gcc -std=gnu99  -O2 -pedantic -m64 -mtune=core2 -march=core2   -o t-printf t-printf.o ../../tests/libtests.la ../../libgmp.la 
libtool: link: gcc -std=gnu99 -O2 -pedantic -m64 -mtune=core2 -march=core2 -o .libs/t-printf t-printf.o  ../../tests/.libs/libtests.a /Users/fe/Projects/osx/gmp-5.0.1/.libs/libgmp.dylib ../../.libs/libgmp.dylib
gcc -std=gnu99 -DHAVE_CONFIG_H -I. -I../.. -I../.. -I../../tests    -O2 -pedantic -m64 -mtune=core2 -march=core2 -c t-scanf.c
/bin/sh ../../libtool --tag=CC   --mode=link gcc -std=gnu99  -O2 -pedantic -m64 -mtune=core2 -march=core2   -o t-scanf t-scanf.o ../../tests/libtests.la ../../libgmp.la 
libtool: link: gcc -std=gnu99 -O2 -pedantic -m64 -mtune=core2 -march=core2 -o .libs/t-scanf t-scanf.o  ../../tests/.libs/libtests.a /Users/fe/Projects/osx/gmp-5.0.1/.libs/libgmp.dylib ../../.libs/libgmp.dylib
gcc -std=gnu99 -DHAVE_CONFIG_H -I. -I../.. -I../.. -I../../tests    -O2 -pedantic -m64 -mtune=core2 -march=core2 -c t-locale.c
/bin/sh ../../libtool --tag=CC   --mode=link gcc -std=gnu99  -O2 -pedantic -m64 -mtune=core2 -march=core2   -o t-locale t-locale.o ../../tests/libtests.la ../../libgmp.la 
libtool: link: gcc -std=gnu99 -O2 -pedantic -m64 -mtune=core2 -march=core2 -o .libs/t-locale t-locale.o  ../../tests/.libs/libtests.a /Users/fe/Projects/osx/gmp-5.0.1/.libs/libgmp.dylib ../../.libs/libgmp.dylib
make  check-TESTS
PASS: t-printf
PASS: t-scanf
Test skipped, replacing localeconv/nl_langinfo doesn't work
PASS: t-locale
==================
All 3 tests passed
==================
Making check in cxx
make  
make[4]: Nothing to be done for `all'.
make  check-TESTS
==================
All 0 tests passed
==================
Making check in mpbsd
make  
make[4]: Nothing to be done for `all'.
make  check-TESTS
==================
All 0 tests passed
==================
Making check in mpn
make[2]: Nothing to be done for `check'.
Making check in mpz
make[2]: Nothing to be done for `check'.
Making check in mpq
make[2]: Nothing to be done for `check'.
Making check in mpf
make[2]: Nothing to be done for `check'.
Making check in printf
make[2]: Nothing to be done for `check'.
Making check in scanf
make[2]: Nothing to be done for `check'.
Making check in cxx
make[2]: Nothing to be done for `check'.
Making check in mpbsd
make[2]: Nothing to be done for `check'.
Making check in demos
Making check in calc
make  check-am
make[4]: Nothing to be done for `check-am'.
Making check in expr
make[3]: Nothing to be done for `check'.
make[3]: Nothing to be done for `check-am'.
Making check in tune
make[2]: Nothing to be done for `check'.
Making check in doc
make[2]: Nothing to be done for `check'.
make[2]: Nothing to be done for `check-am'.
